2024-05-23 16:51:31,843 - INFO - 
             
             SCRIPT STARTED...
             
2024-05-23 16:51:31,852 - INFO - csv file imported
2024-05-23 16:51:34,999 - INFO - chromedriver is working fine
2024-05-23 16:51:38,707 - INFO - row 1 - landed to: https://tableaueur.schneider-electric.com/#/site/AIHUBRPA/workbooks/28645/extractRefreshes
2024-05-23 16:51:41,803 - INFO - cliked on the actionsmenu-cell
2024-05-23 16:51:42,878 - INFO - cliked on the action-menu-tasks-priority-MenuItem
2024-05-23 16:51:43,934 - INFO - old priority deleted
2024-05-23 16:51:44,965 - INFO - priority changed, waiting for confirming click
2024-05-23 16:51:45,014 - INFO - priority changed, confirming click done
2024-05-23 16:51:47,021 - INFO - row 2 - landed to: https://tableaueur.schneider-electric.com/#/site/AIHUBRPA/workbooks/28645/extractRefreshes
2024-05-23 16:51:48,069 - INFO - cliked on the actionsmenu-cell
2024-05-23 16:51:49,120 - INFO - cliked on the action-menu-tasks-priority-MenuItem
2024-05-23 16:51:50,142 - INFO - old priority deleted
2024-05-23 16:51:52,603 - INFO - priority changed, waiting for confirming click
2024-05-23 16:51:52,643 - INFO - priority changed, confirming click done
2024-05-23 16:51:54,662 - INFO - row 3 - landed to: https://tableaueur.schneider-electric.com/#/site/ASCO/workbooks/29411/extractRefreshes
2024-05-23 16:51:55,726 - INFO - cliked on the actionsmenu-cell
2024-05-23 16:51:56,792 - INFO - cliked on the action-menu-tasks-priority-MenuItem
2024-05-23 16:51:57,820 - INFO - old priority deleted
2024-05-23 16:51:58,872 - INFO - priority changed, waiting for confirming click
2024-05-23 16:51:58,936 - INFO - priority changed, confirming click done
2024-05-23 16:52:00,948 - INFO - row 4 - landed to: https://tableaueur.schneider-electric.com/#/site/ASCO/workbooks/29411/extractRefreshes
2024-05-23 16:52:02,009 - INFO - cliked on the actionsmenu-cell
2024-05-23 16:52:03,093 - INFO - cliked on the action-menu-tasks-priority-MenuItem
2024-05-23 16:52:04,137 - INFO - old priority deleted
2024-05-23 16:52:05,189 - INFO - priority changed, waiting for confirming click
2024-05-23 16:52:05,229 - INFO - priority changed, confirming click done
2024-05-23 16:52:07,257 - INFO - row 5 - landed to: https://tableaueur.schneider-electric.com/#/site/AuditMonitoring/datasources/263788/extractRefreshes
2024-05-23 16:52:08,329 - INFO - cliked on the actionsmenu-cell
2024-05-23 16:52:09,407 - INFO - cliked on the action-menu-tasks-priority-MenuItem
2024-05-23 16:52:10,452 - INFO - old priority deleted
2024-05-23 16:52:11,505 - INFO - priority changed, waiting for confirming click
2024-05-23 16:52:11,553 - INFO - priority changed, confirming click done
2024-05-23 16:52:13,573 - INFO - row 6 - landed to: https://tableaueur.schneider-electric.com/#/site/AuditMonitoring/workbooks/21529/extractRefreshes
2024-05-23 16:52:14,638 - INFO - cliked on the actionsmenu-cell
2024-05-23 16:52:15,705 - INFO - cliked on the action-menu-tasks-priority-MenuItem
2024-05-23 16:52:16,735 - INFO - old priority deleted
2024-05-23 16:52:17,783 - INFO - priority changed, waiting for confirming click
2024-05-23 16:52:17,839 - INFO - priority changed, confirming click done
2024-05-23 16:52:19,866 - INFO - row 7 - landed to: https://tableaueur.schneider-electric.com/#/site/AuditMonitoring/workbooks/10310/extractRefreshes
2024-05-23 16:52:20,933 - INFO - cliked on the actionsmenu-cell
2024-05-23 16:52:22,011 - INFO - cliked on the action-menu-tasks-priority-MenuItem
2024-05-23 16:52:23,050 - INFO - old priority deleted
2024-05-23 16:52:24,089 - INFO - priority changed, waiting for confirming click
2024-05-23 16:52:24,151 - INFO - priority changed, confirming click done
2024-05-23 16:52:26,170 - INFO - row 8 - landed to: https://tableaueur.schneider-electric.com/#/site/AuditMonitoring/workbooks/12121/extractRefreshes
2024-05-23 16:52:27,238 - INFO - cliked on the actionsmenu-cell
2024-05-23 16:52:28,318 - INFO - cliked on the action-menu-tasks-priority-MenuItem
2024-05-23 16:52:29,360 - INFO - old priority deleted
2024-05-23 16:52:30,412 - INFO - priority changed, waiting for confirming click
2024-05-23 16:52:30,467 - INFO - priority changed, confirming click done
2024-05-23 16:52:32,490 - INFO - row 9 - landed to: https://tableaueur.schneider-electric.com/#/site/AuditMonitoring/workbooks/29310/extractRefreshes
2024-05-23 16:52:33,565 - INFO - cliked on the actionsmenu-cell
2024-05-23 16:52:34,643 - INFO - cliked on the action-menu-tasks-priority-MenuItem
2024-05-23 16:52:35,684 - INFO - old priority deleted
2024-05-23 16:52:36,718 - INFO - priority changed, waiting for confirming click
2024-05-23 16:52:36,766 - INFO - priority changed, confirming click done
2024-05-23 16:52:38,777 - INFO - row 10 - landed to: https://tableaueur.schneider-electric.com/#/site/AuditMonitoring/workbooks/29310/extractRefreshes
2024-05-23 16:52:39,853 - INFO - cliked on the actionsmenu-cell
2024-05-23 16:52:40,931 - INFO - cliked on the action-menu-tasks-priority-MenuItem
2024-05-23 16:52:41,960 - INFO - old priority deleted
2024-05-23 16:52:43,009 - INFO - priority changed, waiting for confirming click
2024-05-23 16:52:43,049 - INFO - priority changed, confirming click done
2024-05-23 16:52:45,070 - INFO - row 11 - landed to: https://tableaueur.schneider-electric.com/#/site/AuditMonitoring/datasources/263773/extractRefreshes
2024-05-23 16:52:46,132 - INFO - cliked on the actionsmenu-cell
2024-05-23 16:52:47,206 - INFO - cliked on the action-menu-tasks-priority-MenuItem
2024-05-23 16:52:48,247 - INFO - old priority deleted
2024-05-23 16:52:49,298 - INFO - priority changed, waiting for confirming click
2024-05-23 16:52:49,354 - INFO - priority changed, confirming click done
2024-05-23 16:52:51,375 - INFO - row 12 - landed to: https://tableaueur.schneider-electric.com/#/site/AuditMonitoring/datasources/263787/extractRefreshes
2024-05-23 16:52:52,440 - INFO - cliked on the actionsmenu-cell
2024-05-23 16:52:53,522 - INFO - cliked on the action-menu-tasks-priority-MenuItem
2024-05-23 16:52:54,554 - INFO - old priority deleted
2024-05-23 16:52:55,593 - INFO - priority changed, waiting for confirming click
2024-05-23 16:52:55,649 - INFO - priority changed, confirming click done
2024-05-23 16:52:57,666 - INFO - row 13 - landed to: https://tableaueur.schneider-electric.com/#/site/AuditMonitoring/datasources/263778/extractRefreshes
2024-05-23 16:52:58,733 - INFO - cliked on the actionsmenu-cell
2024-05-23 16:52:59,800 - INFO - cliked on the action-menu-tasks-priority-MenuItem
2024-05-23 16:53:00,841 - INFO - old priority deleted
2024-05-23 16:53:01,874 - INFO - priority changed, waiting for confirming click
2024-05-23 16:53:01,930 - INFO - priority changed, confirming click done
2024-05-23 16:53:03,952 - INFO - row 14 - landed to: https://tableaueur.schneider-electric.com/#/site/AuditMonitoring/datasources/263786/extractRefreshes
2024-05-23 16:53:05,040 - INFO - cliked on the actionsmenu-cell
2024-05-23 16:53:06,110 - INFO - cliked on the action-menu-tasks-priority-MenuItem
2024-05-23 16:53:07,151 - INFO - old priority deleted
2024-05-23 16:53:08,199 - INFO - priority changed, waiting for confirming click
2024-05-23 16:53:08,255 - INFO - priority changed, confirming click done
2024-05-23 16:53:10,272 - INFO - row 15 - landed to: https://tableaueur.schneider-electric.com/#/site/AuditMonitoring/datasources/306579/extractRefreshes
2024-05-23 16:53:11,343 - INFO - cliked on the actionsmenu-cell
2024-05-23 16:53:12,420 - INFO - cliked on the action-menu-tasks-priority-MenuItem
2024-05-23 16:53:13,456 - INFO - old priority deleted
2024-05-23 16:53:14,494 - INFO - priority changed, waiting for confirming click
2024-05-23 16:53:14,542 - INFO - priority changed, confirming click done
2024-05-23 16:53:16,584 - INFO - row 16 - landed to: https://tableaueur.schneider-electric.com/#/site/China/datasources/451662/extractRefreshes
2024-05-23 16:53:17,652 - INFO - cliked on the actionsmenu-cell
2024-05-23 16:53:18,712 - INFO - cliked on the action-menu-tasks-priority-MenuItem
2024-05-23 16:53:19,747 - INFO - old priority deleted
2024-05-23 16:53:20,800 - INFO - priority changed, waiting for confirming click
2024-05-23 16:53:20,856 - INFO - priority changed, confirming click done
2024-05-23 16:53:22,881 - INFO - row 17 - landed to: https://tableaueur.schneider-electric.com/#/site/China/datasources/451666/extractRefreshes
2024-05-23 16:53:23,952 - INFO - cliked on the actionsmenu-cell
2024-05-23 16:53:25,081 - INFO - cliked on the action-menu-tasks-priority-MenuItem
2024-05-23 16:53:26,120 - INFO - old priority deleted
2024-05-23 16:53:27,155 - INFO - priority changed, waiting for confirming click
2024-05-23 16:53:27,195 - INFO - priority changed, confirming click done
2024-05-23 16:53:29,214 - INFO - row 18 - landed to: https://tableaueur.schneider-electric.com/#/site/BRCC/datasources/447541/extractRefreshes
2024-05-23 16:53:30,282 - INFO - cliked on the actionsmenu-cell
2024-05-23 16:53:31,366 - INFO - cliked on the action-menu-tasks-priority-MenuItem
2024-05-23 16:53:32,405 - INFO - old priority deleted
2024-05-23 16:53:33,452 - INFO - priority changed, waiting for confirming click
2024-05-23 16:53:33,508 - INFO - priority changed, confirming click done
2024-05-23 16:53:35,528 - INFO - row 19 - landed to: https://tableaueur.schneider-electric.com/#/site/BRCC/datasources/75336/extractRefreshes
2024-05-23 16:53:36,603 - INFO - cliked on the actionsmenu-cell
2024-05-23 16:53:37,677 - INFO - cliked on the action-menu-tasks-priority-MenuItem
2024-05-23 16:53:38,710 - INFO - old priority deleted
2024-05-23 16:53:39,753 - INFO - priority changed, waiting for confirming click
2024-05-23 16:53:39,801 - INFO - priority changed, confirming click done
2024-05-23 16:53:41,824 - INFO - row 20 - landed to: https://tableaueur.schneider-electric.com/#/site/BRCC/datasources/500021/extractRefreshes
2024-05-23 16:53:42,898 - INFO - cliked on the actionsmenu-cell
2024-05-23 16:53:43,985 - INFO - cliked on the action-menu-tasks-priority-MenuItem
2024-05-23 16:53:45,028 - INFO - old priority deleted
2024-05-23 16:53:46,075 - INFO - priority changed, waiting for confirming click
2024-05-23 16:53:46,117 - INFO - priority changed, confirming click done
2024-05-23 16:53:48,134 - INFO - row 21 - landed to: https://tableaueur.schneider-electric.com/#/site/CommercialSalesOperations/datasources/354285/extractRefreshes
2024-05-23 16:53:49,193 - INFO - cliked on the actionsmenu-cell
2024-05-23 16:53:50,266 - INFO - cliked on the action-menu-tasks-priority-MenuItem
2024-05-23 16:53:51,298 - INFO - old priority deleted
2024-05-23 16:53:52,355 - INFO - priority changed, waiting for confirming click
2024-05-23 16:53:52,411 - INFO - priority changed, confirming click done
2024-05-23 16:53:54,448 - INFO - row 22 - landed to: https://tableaueur.schneider-electric.com/#/site/CommercialSalesOperations/workbooks/19293/extractRefreshes
2024-05-23 16:53:55,513 - INFO - cliked on the actionsmenu-cell
2024-05-23 16:53:56,612 - INFO - cliked on the action-menu-tasks-priority-MenuItem
2024-05-23 16:53:57,797 - INFO - old priority deleted
2024-05-23 16:53:58,828 - INFO - priority changed, waiting for confirming click
2024-05-23 16:53:58,884 - INFO - priority changed, confirming click done
2024-05-23 16:54:00,917 - INFO - row 23 - landed to: https://tableaueur.schneider-electric.com/#/site/CommercialSalesOperations/datasources/354284/extractRefreshes
2024-05-23 16:54:01,979 - INFO - cliked on the actionsmenu-cell
2024-05-23 16:54:03,054 - INFO - cliked on the action-menu-tasks-priority-MenuItem
2024-05-23 16:54:04,094 - INFO - old priority deleted
2024-05-23 16:54:05,129 - INFO - priority changed, waiting for confirming click
2024-05-23 16:54:05,185 - INFO - priority changed, confirming click done
2024-05-23 16:54:07,203 - INFO - row 24 - landed to: https://tableaueur.schneider-electric.com/#/site/CommercialSalesOperations/workbooks/27212/extractRefreshes
2024-05-23 16:54:08,279 - INFO - cliked on the actionsmenu-cell
2024-05-23 16:54:09,351 - INFO - cliked on the action-menu-tasks-priority-MenuItem
2024-05-23 16:54:10,392 - INFO - old priority deleted
2024-05-23 16:54:11,443 - INFO - priority changed, waiting for confirming click
2024-05-23 16:54:11,507 - INFO - priority changed, confirming click done
2024-05-23 16:54:13,521 - INFO - row 25 - landed to: https://tableaueur.schneider-electric.com/#/site/CSHBI/workbooks/29517/extractRefreshes
2024-05-23 16:54:14,601 - INFO - cliked on the actionsmenu-cell
2024-05-23 16:54:15,675 - INFO - cliked on the action-menu-tasks-priority-MenuItem
2024-05-23 16:54:16,709 - INFO - old priority deleted
2024-05-23 16:54:17,754 - INFO - priority changed, waiting for confirming click
2024-05-23 16:54:17,794 - INFO - priority changed, confirming click done
2024-05-23 16:54:19,810 - INFO - row 26 - landed to: https://tableaueur.schneider-electric.com/#/site/CSHBI/workbooks/27146/extractRefreshes
2024-05-23 16:54:20,877 - INFO - cliked on the actionsmenu-cell
2024-05-23 16:54:21,952 - INFO - cliked on the action-menu-tasks-priority-MenuItem
2024-05-23 16:54:22,992 - INFO - old priority deleted
2024-05-23 16:54:24,032 - INFO - priority changed, waiting for confirming click
2024-05-23 16:54:24,080 - INFO - priority changed, confirming click done
2024-05-23 16:54:26,105 - INFO - row 27 - landed to: https://tableaueur.schneider-electric.com/#/site/CSHBI/workbooks/29547/extractRefreshes
2024-05-23 16:54:27,170 - INFO - cliked on the actionsmenu-cell
2024-05-23 16:54:28,218 - INFO - cliked on the action-menu-tasks-priority-MenuItem
2024-05-23 16:54:29,249 - INFO - old priority deleted
2024-05-23 16:54:30,297 - INFO - priority changed, waiting for confirming click
2024-05-23 16:54:30,353 - INFO - priority changed, confirming click done
2024-05-23 16:54:32,366 - INFO - row 28 - landed to: https://tableaueur.schneider-electric.com/#/site/DCRAdoption/workbooks/28675/extractRefreshes
2024-05-23 16:54:33,441 - INFO - cliked on the actionsmenu-cell
2024-05-23 16:54:34,513 - INFO - cliked on the action-menu-tasks-priority-MenuItem
2024-05-23 16:54:35,561 - INFO - old priority deleted
2024-05-23 16:54:36,600 - INFO - priority changed, waiting for confirming click
2024-05-23 16:54:36,652 - INFO - priority changed, confirming click done
2024-05-23 16:54:38,686 - INFO - row 29 - landed to: https://tableaueur.schneider-electric.com/#/datasources/431459/extractRefreshes
2024-05-23 16:54:39,811 - INFO - cliked on the actionsmenu-cell
2024-05-23 16:54:40,875 - INFO - cliked on the action-menu-tasks-priority-MenuItem
2024-05-23 16:54:41,910 - INFO - old priority deleted
2024-05-23 16:54:42,953 - INFO - priority changed, waiting for confirming click
2024-05-23 16:54:43,014 - INFO - priority changed, confirming click done
2024-05-23 16:54:45,031 - INFO - row 30 - landed to: https://tableaueur.schneider-electric.com/#/workbooks/6798/extractRefreshes
2024-05-23 16:54:46,094 - INFO - cliked on the actionsmenu-cell
2024-05-23 16:54:47,172 - INFO - cliked on the action-menu-tasks-priority-MenuItem
2024-05-23 16:54:48,215 - INFO - old priority deleted
2024-05-23 16:54:49,267 - INFO - priority changed, waiting for confirming click
2024-05-23 16:54:49,323 - INFO - priority changed, confirming click done
2024-05-23 16:54:51,338 - INFO - row 31 - landed to: https://tableaueur.schneider-electric.com/#/workbooks/29428/extractRefreshes
2024-05-23 16:54:52,405 - INFO - cliked on the actionsmenu-cell
2024-05-23 16:54:53,473 - INFO - cliked on the action-menu-tasks-priority-MenuItem
2024-05-23 16:54:54,517 - INFO - old priority deleted
2024-05-23 16:54:55,557 - INFO - priority changed, waiting for confirming click
2024-05-23 16:54:55,613 - INFO - priority changed, confirming click done
2024-05-23 16:54:57,628 - INFO - row 32 - landed to: https://tableaueur.schneider-electric.com/#/workbooks/28834/extractRefreshes
2024-05-23 16:54:58,703 - INFO - cliked on the actionsmenu-cell
2024-05-23 16:54:59,751 - INFO - cliked on the action-menu-tasks-priority-MenuItem
2024-05-23 16:55:00,790 - INFO - old priority deleted
2024-05-23 16:55:01,827 - INFO - priority changed, waiting for confirming click
2024-05-23 16:55:01,874 - INFO - priority changed, confirming click done
2024-05-23 16:55:03,894 - INFO - row 33 - landed to: https://tableaueur.schneider-electric.com/#/workbooks/20477/extractRefreshes
2024-05-23 16:55:04,952 - INFO - cliked on the actionsmenu-cell
2024-05-23 16:55:06,033 - INFO - cliked on the action-menu-tasks-priority-MenuItem
2024-05-23 16:55:07,070 - INFO - old priority deleted
2024-05-23 16:55:08,122 - INFO - priority changed, waiting for confirming click
2024-05-23 16:55:08,182 - INFO - priority changed, confirming click done
2024-05-23 16:55:10,195 - INFO - row 34 - landed to: https://tableaueur.schneider-electric.com/#/workbooks/28513/extractRefreshes
2024-05-23 16:55:11,260 - INFO - cliked on the actionsmenu-cell
2024-05-23 16:55:12,331 - INFO - cliked on the action-menu-tasks-priority-MenuItem
2024-05-23 16:55:13,374 - INFO - old priority deleted
2024-05-23 16:55:14,420 - INFO - priority changed, waiting for confirming click
2024-05-23 16:55:14,556 - INFO - priority changed, confirming click done
2024-05-23 16:55:16,575 - INFO - row 35 - landed to: https://tableaueur.schneider-electric.com/#/datasources/431461/extractRefreshes
2024-05-23 16:55:17,634 - INFO - cliked on the actionsmenu-cell
2024-05-23 16:55:18,714 - INFO - cliked on the action-menu-tasks-priority-MenuItem
2024-05-23 16:55:19,754 - INFO - old priority deleted
2024-05-23 16:55:20,797 - INFO - priority changed, waiting for confirming click
2024-05-23 16:55:20,842 - INFO - priority changed, confirming click done
2024-05-23 16:55:22,864 - INFO - row 36 - landed to: https://tableaueur.schneider-electric.com/#/workbooks/28605/extractRefreshes
2024-05-23 16:55:23,932 - INFO - cliked on the actionsmenu-cell
2024-05-23 16:55:25,004 - INFO - cliked on the action-menu-tasks-priority-MenuItem
2024-05-23 16:55:26,040 - INFO - old priority deleted
2024-05-23 16:55:27,079 - INFO - priority changed, waiting for confirming click
2024-05-23 16:55:27,123 - INFO - priority changed, confirming click done
2024-05-23 16:55:29,146 - INFO - row 37 - landed to: https://tableaueur.schneider-electric.com/#/datasources/498499/extractRefreshes
2024-05-23 16:55:30,213 - INFO - cliked on the actionsmenu-cell
2024-05-23 16:55:31,289 - INFO - cliked on the action-menu-tasks-priority-MenuItem
2024-05-23 16:55:32,329 - INFO - old priority deleted
2024-05-23 16:55:33,363 - INFO - priority changed, waiting for confirming click
2024-05-23 16:55:33,419 - INFO - priority changed, confirming click done
2024-05-23 16:55:35,442 - INFO - row 38 - landed to: https://tableaueur.schneider-electric.com/#/datasources/500573/extractRefreshes
2024-05-23 16:55:36,513 - INFO - cliked on the actionsmenu-cell
2024-05-23 16:55:37,584 - INFO - cliked on the action-menu-tasks-priority-MenuItem
2024-05-23 16:55:38,620 - INFO - old priority deleted
2024-05-23 16:55:39,663 - INFO - priority changed, waiting for confirming click
2024-05-23 16:55:39,703 - INFO - priority changed, confirming click done
2024-05-23 16:55:41,725 - INFO - row 39 - landed to: https://tableaueur.schneider-electric.com/#/workbooks/28602/extractRefreshes
2024-05-23 16:55:42,792 - INFO - cliked on the actionsmenu-cell
2024-05-23 16:55:43,868 - INFO - cliked on the action-menu-tasks-priority-MenuItem
2024-05-23 16:55:44,911 - INFO - old priority deleted
2024-05-23 16:55:45,956 - INFO - priority changed, waiting for confirming click
2024-05-23 16:55:46,012 - INFO - priority changed, confirming click done
2024-05-23 16:55:48,033 - INFO - row 40 - landed to: https://tableaueur.schneider-electric.com/#/workbooks/22649/extractRefreshes
2024-05-23 16:55:49,126 - INFO - cliked on the actionsmenu-cell
2024-05-23 16:55:50,225 - INFO - cliked on the action-menu-tasks-priority-MenuItem
2024-05-23 16:55:51,266 - INFO - old priority deleted
2024-05-23 16:55:52,315 - INFO - priority changed, waiting for confirming click
2024-05-23 16:55:52,363 - INFO - priority changed, confirming click done
2024-05-23 16:55:54,382 - INFO - row 41 - landed to: https://tableaueur.schneider-electric.com/#/workbooks/29581/extractRefreshes
2024-05-23 16:55:55,433 - INFO - cliked on the actionsmenu-cell
2024-05-23 16:55:56,506 - INFO - cliked on the action-menu-tasks-priority-MenuItem
2024-05-23 16:55:57,533 - INFO - old priority deleted
2024-05-23 16:55:58,577 - INFO - priority changed, waiting for confirming click
2024-05-23 16:55:58,617 - INFO - priority changed, confirming click done
2024-05-23 16:56:00,641 - INFO - row 42 - landed to: https://tableaueur.schneider-electric.com/#/workbooks/10686/extractRefreshes
2024-05-23 16:56:01,697 - INFO - cliked on the actionsmenu-cell
2024-05-23 16:56:02,771 - INFO - cliked on the action-menu-tasks-priority-MenuItem
2024-05-23 16:56:03,804 - INFO - old priority deleted
2024-05-23 16:56:04,846 - INFO - priority changed, waiting for confirming click
2024-05-23 16:56:04,914 - INFO - priority changed, confirming click done
2024-05-23 16:56:06,955 - INFO - row 43 - landed to: https://tableaueur.schneider-electric.com/#/workbooks/13791/extractRefreshes
2024-05-23 16:56:08,023 - INFO - cliked on the actionsmenu-cell
2024-05-23 16:56:09,116 - INFO - cliked on the action-menu-tasks-priority-MenuItem
2024-05-23 16:56:10,145 - INFO - old priority deleted
2024-05-23 16:56:11,178 - INFO - priority changed, waiting for confirming click
2024-05-23 16:56:11,216 - INFO - priority changed, confirming click done
2024-05-23 16:56:13,233 - INFO - row 44 - landed to: https://tableaueur.schneider-electric.com/#/workbooks/28365/extractRefreshes
2024-05-23 16:56:14,476 - INFO - cliked on the actionsmenu-cell
2024-05-23 16:56:15,540 - INFO - cliked on the action-menu-tasks-priority-MenuItem
2024-05-23 16:56:16,569 - INFO - old priority deleted
2024-05-23 16:56:17,603 - INFO - priority changed, waiting for confirming click
2024-05-23 16:56:17,663 - INFO - priority changed, confirming click done
2024-05-23 16:56:19,679 - INFO - row 45 - landed to: https://tableaueur.schneider-electric.com/#/workbooks/29571/extractRefreshes
2024-05-23 16:56:20,743 - INFO - cliked on the actionsmenu-cell
2024-05-23 16:56:21,803 - INFO - cliked on the action-menu-tasks-priority-MenuItem
2024-05-23 16:56:22,867 - INFO - old priority deleted
2024-05-23 16:56:23,888 - INFO - priority changed, waiting for confirming click
2024-05-23 16:56:23,927 - INFO - priority changed, confirming click done
2024-05-23 16:56:25,956 - INFO - row 46 - landed to: https://tableaueur.schneider-electric.com/#/datasources/476442/extractRefreshes
2024-05-23 16:56:27,022 - INFO - cliked on the actionsmenu-cell
2024-05-23 16:56:28,091 - INFO - cliked on the action-menu-tasks-priority-MenuItem
2024-05-23 16:56:29,123 - INFO - old priority deleted
2024-05-23 16:56:30,149 - INFO - priority changed, waiting for confirming click
2024-05-23 16:56:30,229 - INFO - priority changed, confirming click done
2024-05-23 16:56:32,357 - INFO - row 47 - landed to: https://tableaueur.schneider-electric.com/#/site/EnterpriseDataQualityPortal/workbooks/27375/extractRefreshes
2024-05-23 16:56:33,417 - INFO - cliked on the actionsmenu-cell
2024-05-23 16:56:34,489 - INFO - cliked on the action-menu-tasks-priority-MenuItem
2024-05-23 16:56:35,520 - INFO - old priority deleted
2024-05-23 16:56:36,555 - INFO - priority changed, waiting for confirming click
2024-05-23 16:56:36,595 - INFO - priority changed, confirming click done
2024-05-23 16:56:38,615 - INFO - row 48 - landed to: https://tableaueur.schneider-electric.com/#/site/EnterpriseDataQualityPortal/workbooks/29630/extractRefreshes
2024-05-23 16:56:39,666 - INFO - cliked on the actionsmenu-cell
2024-05-23 16:56:40,730 - INFO - cliked on the action-menu-tasks-priority-MenuItem
2024-05-23 16:56:41,761 - INFO - old priority deleted
2024-05-23 16:56:42,803 - INFO - priority changed, waiting for confirming click
2024-05-23 16:56:42,850 - INFO - priority changed, confirming click done
2024-05-23 16:56:44,874 - INFO - row 49 - landed to: https://tableaueur.schneider-electric.com/#/site/EnterpriseDataQualityPortal/workbooks/29559/extractRefreshes
2024-05-23 16:56:45,978 - INFO - cliked on the actionsmenu-cell
2024-05-23 16:56:47,105 - INFO - cliked on the action-menu-tasks-priority-MenuItem
2024-05-23 16:56:48,137 - INFO - old priority deleted
2024-05-23 16:56:49,185 - INFO - priority changed, waiting for confirming click
2024-05-23 16:56:49,233 - INFO - priority changed, confirming click done
2024-05-23 16:56:51,247 - INFO - row 50 - landed to: https://tableaueur.schneider-electric.com/#/site/EnterpriseDataQualityPortal/workbooks/27376/extractRefreshes
2024-05-23 16:56:52,303 - INFO - cliked on the actionsmenu-cell
2024-05-23 16:56:53,350 - INFO - cliked on the action-menu-tasks-priority-MenuItem
2024-05-23 16:56:54,390 - INFO - old priority deleted
2024-05-23 16:56:55,421 - INFO - priority changed, waiting for confirming click
2024-05-23 16:56:55,469 - INFO - priority changed, confirming click done
2024-05-23 16:56:57,493 - INFO - row 51 - landed to: https://tableaueur.schneider-electric.com/#/site/EnterpriseDataQualityPortal/workbooks/29629/extractRefreshes
2024-05-23 16:56:58,532 - INFO - cliked on the actionsmenu-cell
2024-05-23 16:56:59,588 - INFO - cliked on the action-menu-tasks-priority-MenuItem
2024-05-23 16:57:00,627 - INFO - old priority deleted
2024-05-23 16:57:01,683 - INFO - priority changed, waiting for confirming click
2024-05-23 16:57:01,731 - INFO - priority changed, confirming click done
2024-05-23 16:57:03,755 - INFO - row 52 - landed to: https://tableaueur.schneider-electric.com/#/site/ETOSmartfactoryBI/workbooks/27674/extractRefreshes
2024-05-23 16:57:04,832 - INFO - cliked on the actionsmenu-cell
2024-05-23 16:57:05,911 - INFO - cliked on the action-menu-tasks-priority-MenuItem
2024-05-23 16:57:06,951 - INFO - old priority deleted
2024-05-23 16:57:08,007 - INFO - priority changed, waiting for confirming click
2024-05-23 16:57:08,070 - INFO - priority changed, confirming click done
2024-05-23 16:57:10,086 - INFO - row 53 - landed to: https://tableaueur.schneider-electric.com/#/site/ETOSmartfactoryBI/workbooks/28600/extractRefreshes
2024-05-23 16:57:11,158 - INFO - cliked on the actionsmenu-cell
2024-05-23 16:57:12,234 - INFO - cliked on the action-menu-tasks-priority-MenuItem
2024-05-23 16:57:13,275 - INFO - old priority deleted
2024-05-23 16:57:14,315 - INFO - priority changed, waiting for confirming click
2024-05-23 16:57:14,371 - INFO - priority changed, confirming click done
2024-05-23 16:57:16,386 - INFO - row 54 - landed to: https://tableaueur.schneider-electric.com/#/site/EUROPEHRSS/workbooks/25040/extractRefreshes
2024-05-23 16:57:17,457 - INFO - cliked on the actionsmenu-cell
2024-05-23 16:57:18,513 - INFO - cliked on the action-menu-tasks-priority-MenuItem
2024-05-23 16:57:19,553 - INFO - old priority deleted
2024-05-23 16:57:20,597 - INFO - priority changed, waiting for confirming click
2024-05-23 16:57:20,650 - INFO - priority changed, confirming click done
2024-05-23 16:57:22,669 - INFO - row 55 - landed to: https://tableaueur.schneider-electric.com/#/site/EUROPEHRSS/workbooks/21971/extractRefreshes
2024-05-23 16:57:23,716 - INFO - cliked on the actionsmenu-cell
2024-05-23 16:57:24,800 - INFO - cliked on the action-menu-tasks-priority-MenuItem
2024-05-23 16:57:25,836 - INFO - old priority deleted
2024-05-23 16:57:26,875 - INFO - priority changed, waiting for confirming click
2024-05-23 16:57:26,931 - INFO - priority changed, confirming click done
2024-05-23 16:57:28,951 - INFO - row 56 - landed to: https://tableaueur.schneider-electric.com/#/site/EUROPEHRSS/workbooks/22235/extractRefreshes
2024-05-23 16:57:30,022 - INFO - cliked on the actionsmenu-cell
2024-05-23 16:57:31,093 - INFO - cliked on the action-menu-tasks-priority-MenuItem
2024-05-23 16:57:32,133 - INFO - old priority deleted
2024-05-23 16:57:33,172 - INFO - priority changed, waiting for confirming click
2024-05-23 16:57:33,211 - INFO - priority changed, confirming click done
2024-05-23 16:57:35,223 - INFO - row 57 - landed to: https://tableaueur.schneider-electric.com/#/site/EUROPEHRSS/workbooks/17461/extractRefreshes
2024-05-23 16:57:36,275 - INFO - cliked on the actionsmenu-cell
2024-05-23 16:57:37,346 - INFO - cliked on the action-menu-tasks-priority-MenuItem
2024-05-23 16:57:38,451 - INFO - old priority deleted
2024-05-23 16:57:39,484 - INFO - priority changed, waiting for confirming click
2024-05-23 16:57:39,524 - INFO - priority changed, confirming click done
2024-05-23 16:57:41,558 - INFO - row 58 - landed to: https://tableaueur.schneider-electric.com/#/site/EUROPEHRSS/datasources/429144/extractRefreshes
2024-05-23 16:57:42,626 - INFO - cliked on the actionsmenu-cell
2024-05-23 16:57:43,705 - INFO - cliked on the action-menu-tasks-priority-MenuItem
2024-05-23 16:57:44,737 - INFO - old priority deleted
2024-05-23 16:57:45,774 - INFO - priority changed, waiting for confirming click
2024-05-23 16:57:45,829 - INFO - priority changed, confirming click done
2024-05-23 16:57:47,845 - INFO - row 59 - landed to: https://tableaueur.schneider-electric.com/#/site/EUROPEHRSS/workbooks/28544/extractRefreshes
2024-05-23 16:57:48,910 - INFO - cliked on the actionsmenu-cell
2024-05-23 16:57:49,987 - INFO - cliked on the action-menu-tasks-priority-MenuItem
2024-05-23 16:57:51,015 - INFO - old priority deleted
2024-05-23 16:57:52,044 - INFO - priority changed, waiting for confirming click
2024-05-23 16:57:52,100 - INFO - priority changed, confirming click done
2024-05-23 16:57:54,116 - INFO - row 60 - landed to: https://tableaueur.schneider-electric.com/#/site/EUROPEHRSS/workbooks/20697/extractRefreshes
2024-05-23 16:57:55,183 - INFO - cliked on the actionsmenu-cell
2024-05-23 16:57:56,258 - INFO - cliked on the action-menu-tasks-priority-MenuItem
2024-05-23 16:57:57,293 - INFO - old priority deleted
2024-05-23 16:57:58,341 - INFO - priority changed, waiting for confirming click
2024-05-23 16:57:58,399 - INFO - priority changed, confirming click done
2024-05-23 16:58:00,413 - INFO - row 61 - landed to: https://tableaueur.schneider-electric.com/#/site/EUROPEHRSS/workbooks/27687/extractRefreshes
2024-05-23 16:58:01,482 - INFO - cliked on the actionsmenu-cell
2024-05-23 16:58:02,555 - INFO - cliked on the action-menu-tasks-priority-MenuItem
2024-05-23 16:58:03,599 - INFO - old priority deleted
2024-05-23 16:58:04,637 - INFO - priority changed, waiting for confirming click
2024-05-23 16:58:04,686 - INFO - priority changed, confirming click done
2024-05-23 16:58:06,698 - INFO - row 62 - landed to: https://tableaueur.schneider-electric.com/#/site/EUROPEHRSS/workbooks/27687/extractRefreshes
2024-05-23 16:58:07,770 - INFO - cliked on the actionsmenu-cell
2024-05-23 16:58:08,857 - INFO - cliked on the action-menu-tasks-priority-MenuItem
2024-05-23 16:58:09,900 - INFO - old priority deleted
2024-05-23 16:58:10,934 - INFO - priority changed, waiting for confirming click
2024-05-23 16:58:10,978 - INFO - priority changed, confirming click done
2024-05-23 16:58:13,033 - INFO - row 63 - landed to: https://tableaueur.schneider-electric.com/#/site/EUROPEHRSS/workbooks/21405/extractRefreshes
2024-05-23 16:58:14,108 - INFO - cliked on the actionsmenu-cell
2024-05-23 16:58:15,190 - INFO - cliked on the action-menu-tasks-priority-MenuItem
2024-05-23 16:58:16,227 - INFO - old priority deleted
2024-05-23 16:58:17,289 - INFO - priority changed, waiting for confirming click
2024-05-23 16:58:17,345 - INFO - priority changed, confirming click done
2024-05-23 16:58:19,362 - INFO - row 64 - landed to: https://tableaueur.schneider-electric.com/#/site/EUROPEHRSS/workbooks/28576/extractRefreshes
2024-05-23 16:58:20,422 - INFO - cliked on the actionsmenu-cell
2024-05-23 16:58:21,486 - INFO - cliked on the action-menu-tasks-priority-MenuItem
2024-05-23 16:58:22,519 - INFO - old priority deleted
2024-05-23 16:58:23,558 - INFO - priority changed, waiting for confirming click
2024-05-23 16:58:23,654 - INFO - priority changed, confirming click done
2024-05-23 16:58:25,670 - INFO - row 65 - landed to: https://tableaueur.schneider-electric.com/#/site/EUROPEHRSS/workbooks/29759/extractRefreshes
2024-05-23 16:58:36,042 - ERROR - NOT cliked on the actionsmenu-cell button, error Message: 
Stacktrace:
	GetHandleVerifier [0x00007FF75BFC1F52+60322]
	(No symbol) [0x00007FF75BF3CEC9]
	(No symbol) [0x00007FF75BDF7EBA]
	(No symbol) [0x00007FF75BE47676]
	(No symbol) [0x00007FF75BE4773C]
	(No symbol) [0x00007FF75BE8E967]
	(No symbol) [0x00007FF75BE6C25F]
	(No symbol) [0x00007FF75BE8BC80]
	(No symbol) [0x00007FF75BE6BFC3]
	(No symbol) [0x00007FF75BE39617]
	(No symbol) [0x00007FF75BE3A211]
	GetHandleVerifier [0x00007FF75C2D949D+3301613]
	GetHandleVerifier [0x00007FF75C3236C3+3605267]
	GetHandleVerifier [0x00007FF75C319440+3563664]
	GetHandleVerifier [0x00007FF75C074326+790390]
	(No symbol) [0x00007FF75BF4750F]
	(No symbol) [0x00007FF75BF43404]
	(No symbol) [0x00007FF75BF43592]
	(No symbol) [0x00007FF75BF32F9F]
	(No symbol) [0x00007FFC248B7344]
	RtlUserThreadStart [0x00007FFC24B226B1+33]

2024-05-23 16:58:38,096 - INFO - row 66 - landed to: https://tableaueur.schneider-electric.com/#/site/ExchangeandDSCInsights/workbooks/29662/extractRefreshes
2024-05-23 16:58:39,166 - INFO - cliked on the actionsmenu-cell
2024-05-23 16:58:40,238 - INFO - cliked on the action-menu-tasks-priority-MenuItem
2024-05-23 16:58:41,281 - INFO - old priority deleted
2024-05-23 16:58:42,320 - INFO - priority changed, waiting for confirming click
2024-05-23 16:58:42,384 - INFO - priority changed, confirming click done
2024-05-23 16:58:44,397 - INFO - row 67 - landed to: https://tableaueur.schneider-electric.com/#/site/FranceDataOffice/workbooks/28401/extractRefreshes
2024-05-23 16:58:45,472 - INFO - cliked on the actionsmenu-cell
2024-05-23 16:58:46,552 - INFO - cliked on the action-menu-tasks-priority-MenuItem
2024-05-23 16:58:47,581 - INFO - old priority deleted
2024-05-23 16:58:48,628 - INFO - priority changed, waiting for confirming click
2024-05-23 16:58:48,687 - INFO - priority changed, confirming click done
2024-05-23 16:58:50,703 - INFO - row 68 - landed to: https://tableaueur.schneider-electric.com/#/site/FTRTableauBI/workbooks/26839/extractRefreshes
2024-05-23 16:58:51,779 - INFO - cliked on the actionsmenu-cell
2024-05-23 16:58:52,852 - INFO - cliked on the action-menu-tasks-priority-MenuItem
2024-05-23 16:58:53,894 - INFO - old priority deleted
2024-05-23 16:58:54,941 - INFO - priority changed, waiting for confirming click
2024-05-23 16:58:54,997 - INFO - priority changed, confirming click done
2024-05-23 16:58:57,029 - INFO - row 69 - landed to: https://tableaueur.schneider-electric.com/#/site/FTRTableauBI/datasources/426620/extractRefreshes
2024-05-23 16:58:58,098 - INFO - cliked on the actionsmenu-cell
2024-05-23 16:58:59,175 - INFO - cliked on the action-menu-tasks-priority-MenuItem
2024-05-23 16:59:00,210 - INFO - old priority deleted
2024-05-23 16:59:01,261 - INFO - priority changed, waiting for confirming click
2024-05-23 16:59:01,316 - INFO - priority changed, confirming click done
2024-05-23 16:59:03,331 - INFO - row 70 - landed to: https://tableaueur.schneider-electric.com/#/site/GBPlus/datasources/489272/extractRefreshes
2024-05-23 16:59:04,407 - INFO - cliked on the actionsmenu-cell
2024-05-23 16:59:05,487 - INFO - cliked on the action-menu-tasks-priority-MenuItem
2024-05-23 16:59:06,530 - INFO - old priority deleted
2024-05-23 16:59:07,597 - INFO - priority changed, waiting for confirming click
2024-05-23 16:59:07,645 - INFO - priority changed, confirming click done
2024-05-23 16:59:09,664 - INFO - row 71 - landed to: https://tableaueur.schneider-electric.com/#/site/GBPlus/workbooks/27501/extractRefreshes
2024-05-23 16:59:10,841 - INFO - cliked on the actionsmenu-cell
2024-05-23 16:59:11,916 - INFO - cliked on the action-menu-tasks-priority-MenuItem
2024-05-23 16:59:12,961 - INFO - old priority deleted
2024-05-23 16:59:14,011 - INFO - priority changed, waiting for confirming click
2024-05-23 16:59:14,075 - INFO - priority changed, confirming click done
2024-05-23 16:59:16,096 - INFO - row 72 - landed to: https://tableaueur.schneider-electric.com/#/site/GBPlus/workbooks/28925/extractRefreshes
2024-05-23 16:59:17,168 - INFO - cliked on the actionsmenu-cell
2024-05-23 16:59:18,243 - INFO - cliked on the action-menu-tasks-priority-MenuItem
2024-05-23 16:59:19,281 - INFO - old priority deleted
2024-05-23 16:59:20,323 - INFO - priority changed, waiting for confirming click
2024-05-23 16:59:20,371 - INFO - priority changed, confirming click done
2024-05-23 16:59:22,387 - INFO - row 73 - landed to: https://tableaueur.schneider-electric.com/#/site/GFSCommercial/datasources/506925/extractRefreshes
2024-05-23 16:59:23,456 - INFO - cliked on the actionsmenu-cell
2024-05-23 16:59:24,534 - INFO - cliked on the action-menu-tasks-priority-MenuItem
2024-05-23 16:59:25,562 - INFO - old priority deleted
2024-05-23 16:59:26,597 - INFO - priority changed, waiting for confirming click
2024-05-23 16:59:26,645 - INFO - priority changed, confirming click done
2024-05-23 16:59:28,659 - INFO - row 74 - landed to: https://tableaueur.schneider-electric.com/#/site/GlobalCybersecuritySolutionsandServices/workbooks/27885/extractRefreshes
2024-05-23 16:59:29,727 - INFO - cliked on the actionsmenu-cell
2024-05-23 16:59:30,796 - INFO - cliked on the action-menu-tasks-priority-MenuItem
2024-05-23 16:59:31,833 - INFO - old priority deleted
2024-05-23 16:59:32,868 - INFO - priority changed, waiting for confirming click
2024-05-23 16:59:32,932 - INFO - priority changed, confirming click done
2024-05-23 16:59:34,951 - INFO - row 75 - landed to: https://tableaueur.schneider-electric.com/#/site/GlobalFiSSKPIPortal/workbooks/28410/extractRefreshes
2024-05-23 16:59:36,019 - INFO - cliked on the actionsmenu-cell
2024-05-23 16:59:37,102 - INFO - cliked on the action-menu-tasks-priority-MenuItem
2024-05-23 16:59:38,145 - INFO - old priority deleted
2024-05-23 16:59:39,185 - INFO - priority changed, waiting for confirming click
2024-05-23 16:59:39,249 - INFO - priority changed, confirming click done
2024-05-23 16:59:41,267 - INFO - row 76 - landed to: https://tableaueur.schneider-electric.com/#/site/GlobalFiSSKPIPortal/workbooks/29407/extractRefreshes
2024-05-23 16:59:42,431 - INFO - cliked on the actionsmenu-cell
2024-05-23 16:59:43,503 - INFO - cliked on the action-menu-tasks-priority-MenuItem
2024-05-23 16:59:44,541 - INFO - old priority deleted
2024-05-23 16:59:45,574 - INFO - priority changed, waiting for confirming click
2024-05-23 16:59:45,630 - INFO - priority changed, confirming click done
2024-05-23 16:59:47,655 - INFO - row 77 - landed to: https://tableaueur.schneider-electric.com/#/site/GlobalFiSSKPIPortal/workbooks/26471/extractRefreshes
2024-05-23 16:59:48,713 - INFO - cliked on the actionsmenu-cell
2024-05-23 16:59:49,790 - INFO - cliked on the action-menu-tasks-priority-MenuItem
2024-05-23 16:59:50,826 - INFO - old priority deleted
2024-05-23 16:59:51,866 - INFO - priority changed, waiting for confirming click
2024-05-23 16:59:51,922 - INFO - priority changed, confirming click done
2024-05-23 16:59:53,938 - INFO - row 78 - landed to: https://tableaueur.schneider-electric.com/#/site/GlobalFiSSKPIPortal/workbooks/28568/extractRefreshes
2024-05-23 16:59:55,005 - INFO - cliked on the actionsmenu-cell
2024-05-23 16:59:56,089 - INFO - cliked on the action-menu-tasks-priority-MenuItem
2024-05-23 16:59:57,125 - INFO - old priority deleted
2024-05-23 16:59:58,172 - INFO - priority changed, waiting for confirming click
2024-05-23 16:59:58,228 - INFO - priority changed, confirming click done
2024-05-23 17:00:00,250 - INFO - row 79 - landed to: https://tableaueur.schneider-electric.com/#/site/GlobalFiSSKPIPortal/workbooks/28432/extractRefreshes
2024-05-23 17:00:01,324 - INFO - cliked on the actionsmenu-cell
2024-05-23 17:00:02,379 - INFO - cliked on the action-menu-tasks-priority-MenuItem
2024-05-23 17:00:03,409 - INFO - old priority deleted
2024-05-23 17:00:04,452 - INFO - priority changed, waiting for confirming click
2024-05-23 17:00:04,513 - INFO - priority changed, confirming click done
2024-05-23 17:00:06,525 - INFO - row 80 - landed to: https://tableaueur.schneider-electric.com/#/site/GlobalFiSSKPIPortal/workbooks/25297/extractRefreshes
2024-05-23 17:00:07,593 - INFO - cliked on the actionsmenu-cell
2024-05-23 17:00:08,668 - INFO - cliked on the action-menu-tasks-priority-MenuItem
2024-05-23 17:00:09,707 - INFO - old priority deleted
2024-05-23 17:00:10,754 - INFO - priority changed, waiting for confirming click
2024-05-23 17:00:10,809 - INFO - priority changed, confirming click done
2024-05-23 17:00:12,824 - INFO - row 81 - landed to: https://tableaueur.schneider-electric.com/#/site/GPQODataInsightsSolutions/workbooks/29208/extractRefreshes
2024-05-23 17:00:13,900 - INFO - cliked on the actionsmenu-cell
2024-05-23 17:00:14,975 - INFO - cliked on the action-menu-tasks-priority-MenuItem
2024-05-23 17:00:16,011 - INFO - old priority deleted
2024-05-23 17:00:17,061 - INFO - priority changed, waiting for confirming click
2024-05-23 17:00:17,109 - INFO - priority changed, confirming click done
2024-05-23 17:00:19,132 - INFO - row 82 - landed to: https://tableaueur.schneider-electric.com/#/site/GPQODataInsightsSolutions/workbooks/28000/extractRefreshes
2024-05-23 17:00:20,199 - INFO - cliked on the actionsmenu-cell
2024-05-23 17:00:21,271 - INFO - cliked on the action-menu-tasks-priority-MenuItem
2024-05-23 17:00:22,314 - INFO - old priority deleted
2024-05-23 17:00:23,359 - INFO - priority changed, waiting for confirming click
2024-05-23 17:00:23,411 - INFO - priority changed, confirming click done
2024-05-23 17:00:25,430 - INFO - row 83 - landed to: https://tableaueur.schneider-electric.com/#/site/GreaterIndiaDataOffice/workbooks/29665/extractRefreshes
2024-05-23 17:00:26,525 - INFO - cliked on the actionsmenu-cell
2024-05-23 17:00:27,606 - INFO - cliked on the action-menu-tasks-priority-MenuItem
2024-05-23 17:00:28,641 - INFO - old priority deleted
2024-05-23 17:00:29,686 - INFO - priority changed, waiting for confirming click
2024-05-23 17:00:29,727 - INFO - priority changed, confirming click done
2024-05-23 17:00:31,749 - INFO - row 84 - landed to: https://tableaueur.schneider-electric.com/#/site/GreaterIndiaDataOffice/workbooks/27845/extractRefreshes
2024-05-23 17:00:32,810 - INFO - cliked on the actionsmenu-cell
2024-05-23 17:00:33,885 - INFO - cliked on the action-menu-tasks-priority-MenuItem
2024-05-23 17:00:34,921 - INFO - old priority deleted
2024-05-23 17:00:35,971 - INFO - priority changed, waiting for confirming click
2024-05-23 17:00:36,035 - INFO - priority changed, confirming click done
2024-05-23 17:00:38,051 - INFO - row 85 - landed to: https://tableaueur.schneider-electric.com/#/site/GreaterIndiaDataOffice/workbooks/28151/extractRefreshes
2024-05-23 17:00:39,114 - INFO - cliked on the actionsmenu-cell
2024-05-23 17:00:40,198 - INFO - cliked on the action-menu-tasks-priority-MenuItem
2024-05-23 17:00:41,241 - INFO - old priority deleted
2024-05-23 17:00:42,292 - INFO - priority changed, waiting for confirming click
2024-05-23 17:00:42,348 - INFO - priority changed, confirming click done
2024-05-23 17:00:44,361 - INFO - row 86 - landed to: https://tableaueur.schneider-electric.com/#/site/GSCAnalytics/datasources/495489/extractRefreshes
2024-05-23 17:00:45,434 - INFO - cliked on the actionsmenu-cell
2024-05-23 17:00:46,507 - INFO - cliked on the action-menu-tasks-priority-MenuItem
2024-05-23 17:00:47,549 - INFO - old priority deleted
2024-05-23 17:00:48,590 - INFO - priority changed, waiting for confirming click
2024-05-23 17:00:48,646 - INFO - priority changed, confirming click done
2024-05-23 17:00:50,660 - INFO - row 87 - landed to: https://tableaueur.schneider-electric.com/#/site/GSCAnalytics/workbooks/29583/extractRefreshes
2024-05-23 17:00:51,737 - INFO - cliked on the actionsmenu-cell
2024-05-23 17:00:52,829 - INFO - cliked on the action-menu-tasks-priority-MenuItem
2024-05-23 17:00:53,864 - INFO - old priority deleted
2024-05-23 17:00:54,909 - INFO - priority changed, waiting for confirming click
2024-05-23 17:00:54,964 - INFO - priority changed, confirming click done
2024-05-23 17:00:56,979 - INFO - row 88 - landed to: https://tableaueur.schneider-electric.com/#/site/GSCAnalytics/workbooks/20294/extractRefreshes
2024-05-23 17:00:58,043 - INFO - cliked on the actionsmenu-cell
2024-05-23 17:00:59,113 - INFO - cliked on the action-menu-tasks-priority-MenuItem
2024-05-23 17:01:00,153 - INFO - old priority deleted
2024-05-23 17:01:01,177 - INFO - priority changed, waiting for confirming click
2024-05-23 17:01:01,217 - INFO - priority changed, confirming click done
2024-05-23 17:01:03,236 - INFO - row 89 - landed to: https://tableaueur.schneider-electric.com/#/site/GSCAnalytics/workbooks/20294/extractRefreshes
2024-05-23 17:01:04,311 - INFO - cliked on the actionsmenu-cell
2024-05-23 17:01:05,386 - INFO - cliked on the action-menu-tasks-priority-MenuItem
2024-05-23 17:01:06,426 - INFO - old priority deleted
2024-05-23 17:01:07,474 - INFO - priority changed, waiting for confirming click
2024-05-23 17:01:07,538 - INFO - priority changed, confirming click done
2024-05-23 17:01:09,592 - INFO - row 90 - landed to: https://tableaueur.schneider-electric.com/#/site/GSCAnalytics/workbooks/28133/extractRefreshes
2024-05-23 17:01:10,666 - INFO - cliked on the actionsmenu-cell
2024-05-23 17:01:11,741 - INFO - cliked on the action-menu-tasks-priority-MenuItem
2024-05-23 17:01:12,781 - INFO - old priority deleted
2024-05-23 17:01:13,828 - INFO - priority changed, waiting for confirming click
2024-05-23 17:01:13,884 - INFO - priority changed, confirming click done
2024-05-23 17:01:15,895 - INFO - row 91 - landed to: https://tableaueur.schneider-electric.com/#/site/GSCAnalytics/workbooks/28133/extractRefreshes
2024-05-23 17:01:17,002 - INFO - cliked on the actionsmenu-cell
2024-05-23 17:01:18,070 - INFO - cliked on the action-menu-tasks-priority-MenuItem
2024-05-23 17:01:19,098 - INFO - old priority deleted
2024-05-23 17:01:20,132 - INFO - priority changed, waiting for confirming click
2024-05-23 17:01:20,172 - INFO - priority changed, confirming click done
2024-05-23 17:01:22,191 - INFO - row 92 - landed to: https://tableaueur.schneider-electric.com/#/site/GSCAnalytics/workbooks/20512/extractRefreshes
2024-05-23 17:01:23,256 - INFO - cliked on the actionsmenu-cell
2024-05-23 17:01:24,329 - INFO - cliked on the action-menu-tasks-priority-MenuItem
2024-05-23 17:01:25,393 - INFO - old priority deleted
2024-05-23 17:01:26,437 - INFO - priority changed, waiting for confirming click
2024-05-23 17:01:26,493 - INFO - priority changed, confirming click done
2024-05-23 17:01:28,508 - INFO - row 93 - landed to: https://tableaueur.schneider-electric.com/#/site/GSCAnalytics/workbooks/28386/extractRefreshes
2024-05-23 17:01:29,579 - INFO - cliked on the actionsmenu-cell
2024-05-23 17:01:30,661 - INFO - cliked on the action-menu-tasks-priority-MenuItem
2024-05-23 17:01:31,695 - INFO - old priority deleted
2024-05-23 17:01:32,731 - INFO - priority changed, waiting for confirming click
2024-05-23 17:01:32,795 - INFO - priority changed, confirming click done
2024-05-23 17:01:34,821 - INFO - row 94 - landed to: https://tableaueur.schneider-electric.com/#/site/GSCAnalytics/workbooks/28936/extractRefreshes
2024-05-23 17:01:35,912 - INFO - cliked on the actionsmenu-cell
2024-05-23 17:01:36,987 - INFO - cliked on the action-menu-tasks-priority-MenuItem
2024-05-23 17:01:38,030 - INFO - old priority deleted
2024-05-23 17:01:39,078 - INFO - priority changed, waiting for confirming click
2024-05-23 17:01:39,133 - INFO - priority changed, confirming click done
2024-05-23 17:01:41,149 - INFO - row 95 - landed to: https://tableaueur.schneider-electric.com/#/site/GSCAnalytics/workbooks/25459/extractRefreshes
2024-05-23 17:01:42,215 - INFO - cliked on the actionsmenu-cell
2024-05-23 17:01:43,288 - INFO - cliked on the action-menu-tasks-priority-MenuItem
2024-05-23 17:01:44,324 - INFO - old priority deleted
2024-05-23 17:01:45,373 - INFO - priority changed, waiting for confirming click
2024-05-23 17:01:45,421 - INFO - priority changed, confirming click done
2024-05-23 17:01:47,463 - INFO - row 96 - landed to: https://tableaueur.schneider-electric.com/#/site/GSCEuropePerformanceandDigitalAnalytics/workbooks/28819/extractRefreshes
2024-05-23 17:01:48,536 - INFO - cliked on the actionsmenu-cell
2024-05-23 17:01:49,613 - INFO - cliked on the action-menu-tasks-priority-MenuItem
2024-05-23 17:01:50,657 - INFO - old priority deleted
2024-05-23 17:01:51,704 - INFO - priority changed, waiting for confirming click
2024-05-23 17:01:51,761 - INFO - priority changed, confirming click done
2024-05-23 17:01:53,793 - INFO - row 97 - landed to: https://tableaueur.schneider-electric.com/#/site/GSCEuropePerformanceandDigitalAnalytics/datasources/479330/extractRefreshes
2024-05-23 17:01:55,012 - INFO - cliked on the actionsmenu-cell
2024-05-23 17:01:56,107 - INFO - cliked on the action-menu-tasks-priority-MenuItem
2024-05-23 17:01:57,147 - INFO - old priority deleted
2024-05-23 17:01:58,194 - INFO - priority changed, waiting for confirming click
2024-05-23 17:01:58,246 - INFO - priority changed, confirming click done
2024-05-23 17:02:00,266 - INFO - row 98 - landed to: https://tableaueur.schneider-electric.com/#/site/GSCEuropePerformanceandDigitalAnalytics/workbooks/28747/extractRefreshes
2024-05-23 17:02:10,690 - ERROR - NOT cliked on the actionsmenu-cell button, error Message: 
Stacktrace:
	GetHandleVerifier [0x00007FF75BFC1F52+60322]
	(No symbol) [0x00007FF75BF3CEC9]
	(No symbol) [0x00007FF75BDF7EBA]
	(No symbol) [0x00007FF75BE47676]
	(No symbol) [0x00007FF75BE4773C]
	(No symbol) [0x00007FF75BE8E967]
	(No symbol) [0x00007FF75BE6C25F]
	(No symbol) [0x00007FF75BE8BC80]
	(No symbol) [0x00007FF75BE6BFC3]
	(No symbol) [0x00007FF75BE39617]
	(No symbol) [0x00007FF75BE3A211]
	GetHandleVerifier [0x00007FF75C2D949D+3301613]
	GetHandleVerifier [0x00007FF75C3236C3+3605267]
	GetHandleVerifier [0x00007FF75C319440+3563664]
	GetHandleVerifier [0x00007FF75C074326+790390]
	(No symbol) [0x00007FF75BF4750F]
	(No symbol) [0x00007FF75BF43404]
	(No symbol) [0x00007FF75BF43592]
	(No symbol) [0x00007FF75BF32F9F]
	(No symbol) [0x00007FFC248B7344]
	RtlUserThreadStart [0x00007FFC24B226B1+33]

2024-05-23 17:02:12,709 - INFO - row 99 - landed to: https://tableaueur.schneider-electric.com/#/site/GSCEuropePerformanceandDigitalAnalytics/datasources/471287/extractRefreshes
2024-05-23 17:02:13,784 - INFO - cliked on the actionsmenu-cell
2024-05-23 17:02:14,853 - INFO - cliked on the action-menu-tasks-priority-MenuItem
2024-05-23 17:02:15,895 - INFO - old priority deleted
2024-05-23 17:02:16,943 - INFO - priority changed, waiting for confirming click
2024-05-23 17:02:17,007 - INFO - priority changed, confirming click done
2024-05-23 17:02:19,023 - INFO - row 100 - landed to: https://tableaueur.schneider-electric.com/#/site/GSCEuropePerformanceandDigitalAnalytics/datasources/470290/extractRefreshes
2024-05-23 17:02:20,096 - INFO - cliked on the actionsmenu-cell
2024-05-23 17:02:21,151 - INFO - cliked on the action-menu-tasks-priority-MenuItem
2024-05-23 17:02:22,186 - INFO - old priority deleted
2024-05-23 17:02:23,227 - INFO - priority changed, waiting for confirming click
2024-05-23 17:02:23,283 - INFO - priority changed, confirming click done
2024-05-23 17:02:25,295 - INFO - row 101 - landed to: https://tableaueur.schneider-electric.com/#/site/GSCEuropePerformanceandDigitalAnalytics/workbooks/27379/extractRefreshes
2024-05-23 17:02:26,364 - INFO - cliked on the actionsmenu-cell
2024-05-23 17:02:27,439 - INFO - cliked on the action-menu-tasks-priority-MenuItem
2024-05-23 17:02:28,482 - INFO - old priority deleted
2024-05-23 17:02:29,526 - INFO - priority changed, waiting for confirming click
2024-05-23 17:02:29,574 - INFO - priority changed, confirming click done
2024-05-23 17:02:31,600 - INFO - row 102 - landed to: https://tableaueur.schneider-electric.com/#/site/GSCEuropePerformanceandDigitalAnalytics/datasources/481782/extractRefreshes
2024-05-23 17:02:32,670 - INFO - cliked on the actionsmenu-cell
2024-05-23 17:02:33,743 - INFO - cliked on the action-menu-tasks-priority-MenuItem
2024-05-23 17:02:34,777 - INFO - old priority deleted
2024-05-23 17:02:35,816 - INFO - priority changed, waiting for confirming click
2024-05-23 17:02:35,872 - INFO - priority changed, confirming click done
2024-05-23 17:02:37,961 - INFO - row 103 - landed to: https://tableaueur.schneider-electric.com/#/site/GSCEuropePerformanceandDigitalAnalytics/workbooks/28125/extractRefreshes
2024-05-23 17:02:39,030 - INFO - cliked on the actionsmenu-cell
2024-05-23 17:02:40,113 - INFO - cliked on the action-menu-tasks-priority-MenuItem
2024-05-23 17:02:41,146 - INFO - old priority deleted
2024-05-23 17:02:42,199 - INFO - priority changed, waiting for confirming click
2024-05-23 17:02:42,255 - INFO - priority changed, confirming click done
2024-05-23 17:02:44,268 - INFO - row 104 - landed to: https://tableaueur.schneider-electric.com/#/site/GSCEuropePerformanceandDigitalAnalytics/workbooks/28963/extractRefreshes
2024-05-23 17:02:45,334 - INFO - cliked on the actionsmenu-cell
2024-05-23 17:02:46,409 - INFO - cliked on the action-menu-tasks-priority-MenuItem
2024-05-23 17:02:47,447 - INFO - old priority deleted
2024-05-23 17:02:48,491 - INFO - priority changed, waiting for confirming click
2024-05-23 17:02:48,528 - INFO - priority changed, confirming click done
2024-05-23 17:02:50,550 - INFO - row 105 - landed to: https://tableaueur.schneider-electric.com/#/site/GSCEuropePerformanceandDigitalAnalytics/workbooks/28965/extractRefreshes
2024-05-23 17:02:51,626 - INFO - cliked on the actionsmenu-cell
2024-05-23 17:02:52,689 - INFO - cliked on the action-menu-tasks-priority-MenuItem
2024-05-23 17:02:53,710 - INFO - old priority deleted
2024-05-23 17:02:54,753 - INFO - priority changed, waiting for confirming click
2024-05-23 17:02:54,809 - INFO - priority changed, confirming click done
2024-05-23 17:02:56,834 - INFO - row 106 - landed to: https://tableaueur.schneider-electric.com/#/site/GSCEuropePerformanceandDigitalAnalytics/workbooks/28983/extractRefreshes
2024-05-23 17:02:57,913 - INFO - cliked on the actionsmenu-cell
2024-05-23 17:02:58,981 - INFO - cliked on the action-menu-tasks-priority-MenuItem
2024-05-23 17:03:00,008 - INFO - old priority deleted
2024-05-23 17:03:01,049 - INFO - priority changed, waiting for confirming click
2024-05-23 17:03:01,097 - INFO - priority changed, confirming click done
2024-05-23 17:03:03,140 - INFO - row 107 - landed to: https://tableaueur.schneider-electric.com/#/site/GSCInternationalAnalyticsCOE/workbooks/28584/extractRefreshes
2024-05-23 17:03:04,203 - INFO - cliked on the actionsmenu-cell
2024-05-23 17:03:05,281 - INFO - cliked on the action-menu-tasks-priority-MenuItem
2024-05-23 17:03:06,320 - INFO - old priority deleted
2024-05-23 17:03:07,365 - INFO - priority changed, waiting for confirming click
2024-05-23 17:03:07,429 - INFO - priority changed, confirming click done
2024-05-23 17:03:09,450 - INFO - row 108 - landed to: https://tableaueur.schneider-electric.com/#/site/GSCInternationalAnalyticsCOE/workbooks/24913/extractRefreshes
2024-05-23 17:03:10,514 - INFO - cliked on the actionsmenu-cell
2024-05-23 17:03:11,588 - INFO - cliked on the action-menu-tasks-priority-MenuItem
2024-05-23 17:03:12,623 - INFO - old priority deleted
2024-05-23 17:03:13,675 - INFO - priority changed, waiting for confirming click
2024-05-23 17:03:13,731 - INFO - priority changed, confirming click done
2024-05-23 17:03:15,745 - INFO - row 109 - landed to: https://tableaueur.schneider-electric.com/#/site/GSCInternationalAnalyticsCOE/workbooks/22443/extractRefreshes
2024-05-23 17:03:16,821 - INFO - cliked on the actionsmenu-cell
2024-05-23 17:03:17,896 - INFO - cliked on the action-menu-tasks-priority-MenuItem
2024-05-23 17:03:18,935 - INFO - old priority deleted
2024-05-23 17:03:19,974 - INFO - priority changed, waiting for confirming click
2024-05-23 17:03:20,030 - INFO - priority changed, confirming click done
2024-05-23 17:03:22,047 - INFO - row 110 - landed to: https://tableaueur.schneider-electric.com/#/site/GSCInternationalAnalyticsCOE/workbooks/29322/extractRefreshes
2024-05-23 17:03:23,115 - INFO - cliked on the actionsmenu-cell
2024-05-23 17:03:24,177 - INFO - cliked on the action-menu-tasks-priority-MenuItem
2024-05-23 17:03:25,213 - INFO - old priority deleted
2024-05-23 17:03:26,256 - INFO - priority changed, waiting for confirming click
2024-05-23 17:03:26,296 - INFO - priority changed, confirming click done
2024-05-23 17:03:28,311 - INFO - row 111 - landed to: https://tableaueur.schneider-electric.com/#/site/GSCInternationalAnalyticsCOE/workbooks/26577/extractRefreshes
2024-05-23 17:03:29,380 - INFO - cliked on the actionsmenu-cell
2024-05-23 17:03:30,447 - INFO - cliked on the action-menu-tasks-priority-MenuItem
2024-05-23 17:03:31,483 - INFO - old priority deleted
2024-05-23 17:03:32,531 - INFO - priority changed, waiting for confirming click
2024-05-23 17:03:32,563 - INFO - priority changed, confirming click done
2024-05-23 17:03:34,587 - INFO - row 112 - landed to: https://tableaueur.schneider-electric.com/#/site/GSCInternationalAnalyticsCOE/workbooks/29197/extractRefreshes
2024-05-23 17:03:35,653 - INFO - cliked on the actionsmenu-cell
2024-05-23 17:03:36,729 - INFO - cliked on the action-menu-tasks-priority-MenuItem
2024-05-23 17:03:37,759 - INFO - old priority deleted
2024-05-23 17:03:38,801 - INFO - priority changed, waiting for confirming click
2024-05-23 17:03:38,849 - INFO - priority changed, confirming click done
2024-05-23 17:03:40,870 - INFO - row 113 - landed to: https://tableaueur.schneider-electric.com/#/site/GSCInternationalAnalyticsCOE/workbooks/20108/extractRefreshes
2024-05-23 17:03:41,944 - INFO - cliked on the actionsmenu-cell
2024-05-23 17:03:43,032 - INFO - cliked on the action-menu-tasks-priority-MenuItem
2024-05-23 17:03:44,073 - INFO - old priority deleted
2024-05-23 17:03:45,117 - INFO - priority changed, waiting for confirming click
2024-05-23 17:03:45,164 - INFO - priority changed, confirming click done
2024-05-23 17:03:47,186 - INFO - row 114 - landed to: https://tableaueur.schneider-electric.com/#/site/GSCInternationalAnalyticsCOE/workbooks/28764/extractRefreshes
2024-05-23 17:03:48,256 - INFO - cliked on the actionsmenu-cell
2024-05-23 17:03:49,336 - INFO - cliked on the action-menu-tasks-priority-MenuItem
2024-05-23 17:03:50,372 - INFO - old priority deleted
2024-05-23 17:03:51,415 - INFO - priority changed, waiting for confirming click
2024-05-23 17:03:51,466 - INFO - priority changed, confirming click done
2024-05-23 17:03:53,524 - INFO - row 115 - landed to: https://tableaueur.schneider-electric.com/#/site/GSCInternationalAnalyticsCOE/workbooks/26436/extractRefreshes
2024-05-23 17:03:54,632 - INFO - cliked on the actionsmenu-cell
2024-05-23 17:03:55,712 - INFO - cliked on the action-menu-tasks-priority-MenuItem
2024-05-23 17:03:56,756 - INFO - old priority deleted
2024-05-23 17:03:57,806 - INFO - priority changed, waiting for confirming click
2024-05-23 17:03:57,862 - INFO - priority changed, confirming click done
2024-05-23 17:03:59,882 - INFO - row 116 - landed to: https://tableaueur.schneider-electric.com/#/site/GSCInternationalAnalyticsCOE/workbooks/24616/extractRefreshes
2024-05-23 17:04:00,947 - INFO - cliked on the actionsmenu-cell
2024-05-23 17:04:02,017 - INFO - cliked on the action-menu-tasks-priority-MenuItem
2024-05-23 17:04:03,061 - INFO - old priority deleted
2024-05-23 17:04:04,111 - INFO - priority changed, waiting for confirming click
2024-05-23 17:04:04,203 - INFO - priority changed, confirming click done
2024-05-23 17:04:06,222 - INFO - row 117 - landed to: https://tableaueur.schneider-electric.com/#/site/GSCInternationalAnalyticsCOE/workbooks/28776/extractRefreshes
2024-05-23 17:04:07,285 - INFO - cliked on the actionsmenu-cell
2024-05-23 17:04:08,348 - INFO - cliked on the action-menu-tasks-priority-MenuItem
2024-05-23 17:04:09,383 - INFO - old priority deleted
2024-05-23 17:04:10,419 - INFO - priority changed, waiting for confirming click
2024-05-23 17:04:10,467 - INFO - priority changed, confirming click done
2024-05-23 17:04:12,485 - INFO - row 118 - landed to: https://tableaueur.schneider-electric.com/#/site/GSCInternationalAnalyticsCOE/workbooks/28182/extractRefreshes
2024-05-23 17:04:13,552 - INFO - cliked on the actionsmenu-cell
2024-05-23 17:04:14,627 - INFO - cliked on the action-menu-tasks-priority-MenuItem
2024-05-23 17:04:15,664 - INFO - old priority deleted
2024-05-23 17:04:16,704 - INFO - priority changed, waiting for confirming click
2024-05-23 17:04:16,752 - INFO - priority changed, confirming click done
2024-05-23 17:04:18,771 - INFO - row 119 - landed to: https://tableaueur.schneider-electric.com/#/site/GSCInternationalAnalyticsCOE/workbooks/26266/extractRefreshes
2024-05-23 17:04:19,833 - INFO - cliked on the actionsmenu-cell
2024-05-23 17:04:20,908 - INFO - cliked on the action-menu-tasks-priority-MenuItem
2024-05-23 17:04:21,943 - INFO - old priority deleted
2024-05-23 17:04:22,984 - INFO - priority changed, waiting for confirming click
2024-05-23 17:04:23,032 - INFO - priority changed, confirming click done
2024-05-23 17:04:25,055 - INFO - row 120 - landed to: https://tableaueur.schneider-electric.com/#/site/GSCInternationalAnalyticsCOE/workbooks/28278/extractRefreshes
2024-05-23 17:04:26,126 - INFO - cliked on the actionsmenu-cell
2024-05-23 17:04:27,193 - INFO - cliked on the action-menu-tasks-priority-MenuItem
2024-05-23 17:04:28,230 - INFO - old priority deleted
2024-05-23 17:04:29,267 - INFO - priority changed, waiting for confirming click
2024-05-23 17:04:29,315 - INFO - priority changed, confirming click done
2024-05-23 17:04:31,336 - INFO - row 121 - landed to: https://tableaueur.schneider-electric.com/#/site/GSCInternationalAnalyticsCOE/workbooks/28489/extractRefreshes
2024-05-23 17:04:32,399 - INFO - cliked on the actionsmenu-cell
2024-05-23 17:04:33,471 - INFO - cliked on the action-menu-tasks-priority-MenuItem
2024-05-23 17:04:34,511 - INFO - old priority deleted
2024-05-23 17:04:35,555 - INFO - priority changed, waiting for confirming click
2024-05-23 17:04:35,610 - INFO - priority changed, confirming click done
2024-05-23 17:04:37,628 - INFO - row 122 - landed to: https://tableaueur.schneider-electric.com/#/site/GSCInternationalAnalyticsCOE/workbooks/26206/extractRefreshes
2024-05-23 17:04:38,689 - INFO - cliked on the actionsmenu-cell
2024-05-23 17:04:39,764 - INFO - cliked on the action-menu-tasks-priority-MenuItem
2024-05-23 17:04:40,802 - INFO - old priority deleted
2024-05-23 17:04:41,846 - INFO - priority changed, waiting for confirming click
2024-05-23 17:04:41,898 - INFO - priority changed, confirming click done
2024-05-23 17:04:43,911 - INFO - row 123 - landed to: https://tableaueur.schneider-electric.com/#/site/GSCInternationalAnalyticsCOE/workbooks/25277/extractRefreshes
2024-05-23 17:04:44,975 - INFO - cliked on the actionsmenu-cell
2024-05-23 17:04:46,046 - INFO - cliked on the action-menu-tasks-priority-MenuItem
2024-05-23 17:04:47,078 - INFO - old priority deleted
2024-05-23 17:04:48,122 - INFO - priority changed, waiting for confirming click
2024-05-23 17:04:48,170 - INFO - priority changed, confirming click done
2024-05-23 17:04:50,192 - INFO - row 124 - landed to: https://tableaueur.schneider-electric.com/#/site/GSCInternationalAnalyticsCOE/workbooks/24746/extractRefreshes
2024-05-23 17:04:51,263 - INFO - cliked on the actionsmenu-cell
2024-05-23 17:04:52,329 - INFO - cliked on the action-menu-tasks-priority-MenuItem
2024-05-23 17:04:53,363 - INFO - old priority deleted
2024-05-23 17:04:54,414 - INFO - priority changed, waiting for confirming click
2024-05-23 17:04:54,454 - INFO - priority changed, confirming click done
2024-05-23 17:04:56,474 - INFO - row 125 - landed to: https://tableaueur.schneider-electric.com/#/site/GSCInternationalAnalyticsCOE/workbooks/27819/extractRefreshes
2024-05-23 17:04:57,545 - INFO - cliked on the actionsmenu-cell
2024-05-23 17:04:58,621 - INFO - cliked on the action-menu-tasks-priority-MenuItem
2024-05-23 17:04:59,655 - INFO - old priority deleted
2024-05-23 17:05:00,695 - INFO - priority changed, waiting for confirming click
2024-05-23 17:05:00,751 - INFO - priority changed, confirming click done
2024-05-23 17:05:02,768 - INFO - row 126 - landed to: https://tableaueur.schneider-electric.com/#/site/GSCInternationalAnalyticsCOE/workbooks/29730/extractRefreshes
2024-05-23 17:05:03,827 - INFO - cliked on the actionsmenu-cell
2024-05-23 17:05:04,899 - INFO - cliked on the action-menu-tasks-priority-MenuItem
2024-05-23 17:05:05,933 - INFO - old priority deleted
2024-05-23 17:05:06,961 - INFO - priority changed, waiting for confirming click
2024-05-23 17:05:07,011 - INFO - priority changed, confirming click done
2024-05-23 17:05:09,029 - INFO - row 127 - landed to: https://tableaueur.schneider-electric.com/#/site/GSCInternationalAnalyticsCOE/workbooks/29628/extractRefreshes
2024-05-23 17:05:10,090 - INFO - cliked on the actionsmenu-cell
2024-05-23 17:05:11,165 - INFO - cliked on the action-menu-tasks-priority-MenuItem
2024-05-23 17:05:12,204 - INFO - old priority deleted
2024-05-23 17:05:13,245 - INFO - priority changed, waiting for confirming click
2024-05-23 17:05:13,294 - INFO - priority changed, confirming click done
2024-05-23 17:05:15,315 - INFO - row 128 - landed to: https://tableaueur.schneider-electric.com/#/site/GSCInternationalAnalyticsCOE/workbooks/27033/extractRefreshes
2024-05-23 17:05:16,377 - INFO - cliked on the actionsmenu-cell
2024-05-23 17:05:17,453 - INFO - cliked on the action-menu-tasks-priority-MenuItem
2024-05-23 17:05:18,493 - INFO - old priority deleted
2024-05-23 17:05:19,532 - INFO - priority changed, waiting for confirming click
2024-05-23 17:05:19,580 - INFO - priority changed, confirming click done
2024-05-23 17:05:21,598 - INFO - row 129 - landed to: https://tableaueur.schneider-electric.com/#/site/GSCInternationalAnalyticsCOE/workbooks/29055/extractRefreshes
2024-05-23 17:05:22,662 - INFO - cliked on the actionsmenu-cell
2024-05-23 17:05:23,729 - INFO - cliked on the action-menu-tasks-priority-MenuItem
2024-05-23 17:05:24,772 - INFO - old priority deleted
2024-05-23 17:05:25,817 - INFO - priority changed, waiting for confirming click
2024-05-23 17:05:25,869 - INFO - priority changed, confirming click done
2024-05-23 17:05:27,887 - INFO - row 130 - landed to: https://tableaueur.schneider-electric.com/#/site/GSCInternationalAnalyticsCOE/workbooks/29108/extractRefreshes
2024-05-23 17:05:28,955 - INFO - cliked on the actionsmenu-cell
2024-05-23 17:05:30,030 - INFO - cliked on the action-menu-tasks-priority-MenuItem
2024-05-23 17:05:31,072 - INFO - old priority deleted
2024-05-23 17:05:32,123 - INFO - priority changed, waiting for confirming click
2024-05-23 17:05:32,187 - INFO - priority changed, confirming click done
2024-05-23 17:05:34,206 - INFO - row 131 - landed to: https://tableaueur.schneider-electric.com/#/site/GSCInternationalAnalyticsCOE/workbooks/28087/extractRefreshes
2024-05-23 17:05:35,281 - INFO - cliked on the actionsmenu-cell
2024-05-23 17:05:36,361 - INFO - cliked on the action-menu-tasks-priority-MenuItem
2024-05-23 17:05:37,403 - INFO - old priority deleted
2024-05-23 17:05:38,456 - INFO - priority changed, waiting for confirming click
2024-05-23 17:05:38,504 - INFO - priority changed, confirming click done
2024-05-23 17:05:40,520 - INFO - row 132 - landed to: https://tableaueur.schneider-electric.com/#/site/GSCInternationalAnalyticsCOE/workbooks/28731/extractRefreshes
2024-05-23 17:05:41,580 - INFO - cliked on the actionsmenu-cell
2024-05-23 17:05:42,653 - INFO - cliked on the action-menu-tasks-priority-MenuItem
2024-05-23 17:05:43,696 - INFO - old priority deleted
2024-05-23 17:05:44,748 - INFO - priority changed, waiting for confirming click
2024-05-23 17:05:44,812 - INFO - priority changed, confirming click done
2024-05-23 17:05:46,828 - INFO - row 133 - landed to: https://tableaueur.schneider-electric.com/#/site/GSCInternationalAnalyticsCOE/workbooks/28796/extractRefreshes
2024-05-23 17:05:47,894 - INFO - cliked on the actionsmenu-cell
2024-05-23 17:05:48,968 - INFO - cliked on the action-menu-tasks-priority-MenuItem
2024-05-23 17:05:50,007 - INFO - old priority deleted
2024-05-23 17:05:51,043 - INFO - priority changed, waiting for confirming click
2024-05-23 17:05:51,099 - INFO - priority changed, confirming click done
2024-05-23 17:05:53,122 - INFO - row 134 - landed to: https://tableaueur.schneider-electric.com/#/site/GSCInternationalAnalyticsCOE/workbooks/26959/extractRefreshes
2024-05-23 17:05:54,205 - INFO - cliked on the actionsmenu-cell
2024-05-23 17:05:55,286 - INFO - cliked on the action-menu-tasks-priority-MenuItem
2024-05-23 17:05:56,330 - INFO - old priority deleted
2024-05-23 17:05:57,378 - INFO - priority changed, waiting for confirming click
2024-05-23 17:05:57,435 - INFO - priority changed, confirming click done
2024-05-23 17:05:59,454 - INFO - row 135 - landed to: https://tableaueur.schneider-electric.com/#/site/GSCInternationalAnalyticsCOE/workbooks/28750/extractRefreshes
2024-05-23 17:06:00,527 - INFO - cliked on the actionsmenu-cell
2024-05-23 17:06:01,606 - INFO - cliked on the action-menu-tasks-priority-MenuItem
2024-05-23 17:06:02,644 - INFO - old priority deleted
2024-05-23 17:06:03,680 - INFO - priority changed, waiting for confirming click
2024-05-23 17:06:03,727 - INFO - priority changed, confirming click done
2024-05-23 17:06:05,744 - INFO - row 136 - landed to: https://tableaueur.schneider-electric.com/#/site/GSCInternationalAnalyticsCOE/workbooks/26609/extractRefreshes
2024-05-23 17:06:06,815 - INFO - cliked on the actionsmenu-cell
2024-05-23 17:06:07,893 - INFO - cliked on the action-menu-tasks-priority-MenuItem
2024-05-23 17:06:08,932 - INFO - old priority deleted
2024-05-23 17:06:09,980 - INFO - priority changed, waiting for confirming click
2024-05-23 17:06:10,028 - INFO - priority changed, confirming click done
2024-05-23 17:06:12,043 - INFO - row 137 - landed to: https://tableaueur.schneider-electric.com/#/site/GSCInternationalAnalyticsCOE/workbooks/27419/extractRefreshes
2024-05-23 17:06:13,115 - INFO - cliked on the actionsmenu-cell
2024-05-23 17:06:14,194 - INFO - cliked on the action-menu-tasks-priority-MenuItem
2024-05-23 17:06:15,230 - INFO - old priority deleted
2024-05-23 17:06:16,282 - INFO - priority changed, waiting for confirming click
2024-05-23 17:06:16,337 - INFO - priority changed, confirming click done
2024-05-23 17:06:18,356 - INFO - row 138 - landed to: https://tableaueur.schneider-electric.com/#/site/GSCInternationalAnalyticsCOE/workbooks/28292/extractRefreshes
2024-05-23 17:06:19,426 - INFO - cliked on the actionsmenu-cell
2024-05-23 17:06:20,493 - INFO - cliked on the action-menu-tasks-priority-MenuItem
2024-05-23 17:06:21,532 - INFO - old priority deleted
2024-05-23 17:06:22,583 - INFO - priority changed, waiting for confirming click
2024-05-23 17:06:22,639 - INFO - priority changed, confirming click done
2024-05-23 17:06:24,651 - INFO - row 139 - landed to: https://tableaueur.schneider-electric.com/#/site/GSCInternationalAnalyticsCOE/workbooks/29593/extractRefreshes
2024-05-23 17:06:25,718 - INFO - cliked on the actionsmenu-cell
2024-05-23 17:06:26,801 - INFO - cliked on the action-menu-tasks-priority-MenuItem
2024-05-23 17:06:27,840 - INFO - old priority deleted
2024-05-23 17:06:28,888 - INFO - priority changed, waiting for confirming click
2024-05-23 17:06:28,951 - INFO - priority changed, confirming click done
2024-05-23 17:06:30,964 - INFO - row 140 - landed to: https://tableaueur.schneider-electric.com/#/site/GSCInternationalAnalyticsCOE/workbooks/21867/extractRefreshes
2024-05-23 17:06:32,033 - INFO - cliked on the actionsmenu-cell
2024-05-23 17:06:33,114 - INFO - cliked on the action-menu-tasks-priority-MenuItem
2024-05-23 17:06:34,158 - INFO - old priority deleted
2024-05-23 17:06:35,209 - INFO - priority changed, waiting for confirming click
2024-05-23 17:06:35,269 - INFO - priority changed, confirming click done
2024-05-23 17:06:37,285 - INFO - row 141 - landed to: https://tableaueur.schneider-electric.com/#/site/GSCInternationalAnalyticsCOE/workbooks/27104/extractRefreshes
2024-05-23 17:06:38,361 - INFO - cliked on the actionsmenu-cell
2024-05-23 17:06:39,444 - INFO - cliked on the action-menu-tasks-priority-MenuItem
2024-05-23 17:06:40,482 - INFO - old priority deleted
2024-05-23 17:06:41,517 - INFO - priority changed, waiting for confirming click
2024-05-23 17:06:41,572 - INFO - priority changed, confirming click done
2024-05-23 17:06:43,594 - INFO - row 142 - landed to: https://tableaueur.schneider-electric.com/#/site/GSCInternationalAnalyticsCOE/workbooks/29405/extractRefreshes
2024-05-23 17:06:44,664 - INFO - cliked on the actionsmenu-cell
2024-05-23 17:06:45,747 - INFO - cliked on the action-menu-tasks-priority-MenuItem
2024-05-23 17:06:46,790 - INFO - old priority deleted
2024-05-23 17:06:47,834 - INFO - priority changed, waiting for confirming click
2024-05-23 17:06:47,890 - INFO - priority changed, confirming click done
2024-05-23 17:06:49,906 - INFO - row 143 - landed to: https://tableaueur.schneider-electric.com/#/site/GSCInternationalAnalyticsCOE/workbooks/28673/extractRefreshes
2024-05-23 17:06:50,982 - INFO - cliked on the actionsmenu-cell
2024-05-23 17:06:52,069 - INFO - cliked on the action-menu-tasks-priority-MenuItem
2024-05-23 17:06:53,112 - INFO - old priority deleted
2024-05-23 17:06:54,163 - INFO - priority changed, waiting for confirming click
2024-05-23 17:06:54,219 - INFO - priority changed, confirming click done
2024-05-23 17:06:56,246 - INFO - row 144 - landed to: https://tableaueur.schneider-electric.com/#/site/GSCInternationalAnalyticsCOE/workbooks/21136/extractRefreshes
2024-05-23 17:06:57,318 - INFO - cliked on the actionsmenu-cell
2024-05-23 17:06:58,392 - INFO - cliked on the action-menu-tasks-priority-MenuItem
2024-05-23 17:06:59,432 - INFO - old priority deleted
2024-05-23 17:07:00,473 - INFO - priority changed, waiting for confirming click
2024-05-23 17:07:00,521 - INFO - priority changed, confirming click done
2024-05-23 17:07:02,542 - INFO - row 145 - landed to: https://tableaueur.schneider-electric.com/#/site/GSCInternationalAnalyticsCOE/workbooks/29090/extractRefreshes
2024-05-23 17:07:03,613 - INFO - cliked on the actionsmenu-cell
2024-05-23 17:07:04,687 - INFO - cliked on the action-menu-tasks-priority-MenuItem
2024-05-23 17:07:05,724 - INFO - old priority deleted
2024-05-23 17:07:06,761 - INFO - priority changed, waiting for confirming click
2024-05-23 17:07:06,817 - INFO - priority changed, confirming click done
2024-05-23 17:07:08,833 - INFO - row 146 - landed to: https://tableaueur.schneider-electric.com/#/site/GSCInternationalAnalyticsCOE/workbooks/26687/extractRefreshes
2024-05-23 17:07:09,901 - INFO - cliked on the actionsmenu-cell
2024-05-23 17:07:10,975 - INFO - cliked on the action-menu-tasks-priority-MenuItem
2024-05-23 17:07:12,004 - INFO - old priority deleted
2024-05-23 17:07:13,052 - INFO - priority changed, waiting for confirming click
2024-05-23 17:07:13,108 - INFO - priority changed, confirming click done
2024-05-23 17:07:15,122 - INFO - row 147 - landed to: https://tableaueur.schneider-electric.com/#/site/GSCInternationalAnalyticsCOE/workbooks/29359/extractRefreshes
2024-05-23 17:07:16,318 - INFO - cliked on the actionsmenu-cell
2024-05-23 17:07:17,389 - INFO - cliked on the action-menu-tasks-priority-MenuItem
2024-05-23 17:07:18,429 - INFO - old priority deleted
2024-05-23 17:07:19,469 - INFO - priority changed, waiting for confirming click
2024-05-23 17:07:19,533 - INFO - priority changed, confirming click done
2024-05-23 17:07:21,549 - INFO - row 148 - landed to: https://tableaueur.schneider-electric.com/#/site/GSCInternationalAnalyticsCOE/workbooks/28366/extractRefreshes
2024-05-23 17:07:22,622 - INFO - cliked on the actionsmenu-cell
2024-05-23 17:07:23,704 - INFO - cliked on the action-menu-tasks-priority-MenuItem
2024-05-23 17:07:24,747 - INFO - old priority deleted
2024-05-23 17:07:25,782 - INFO - priority changed, waiting for confirming click
2024-05-23 17:07:25,846 - INFO - priority changed, confirming click done
2024-05-23 17:07:27,867 - INFO - row 149 - landed to: https://tableaueur.schneider-electric.com/#/site/GSCInternationalAnalyticsCOE/workbooks/29632/extractRefreshes
2024-05-23 17:07:28,937 - INFO - cliked on the actionsmenu-cell
2024-05-23 17:07:30,008 - INFO - cliked on the action-menu-tasks-priority-MenuItem
2024-05-23 17:07:31,052 - INFO - old priority deleted
2024-05-23 17:07:32,104 - INFO - priority changed, waiting for confirming click
2024-05-23 17:07:32,160 - INFO - priority changed, confirming click done
2024-05-23 17:07:34,176 - INFO - row 150 - landed to: https://tableaueur.schneider-electric.com/#/site/GSCInternationalAnalyticsCOE/workbooks/29015/extractRefreshes
2024-05-23 17:07:35,244 - INFO - cliked on the actionsmenu-cell
2024-05-23 17:07:36,311 - INFO - cliked on the action-menu-tasks-priority-MenuItem
2024-05-23 17:07:37,351 - INFO - old priority deleted
2024-05-23 17:07:38,398 - INFO - priority changed, waiting for confirming click
2024-05-23 17:07:38,446 - INFO - priority changed, confirming click done
2024-05-23 17:07:40,460 - INFO - row 151 - landed to: https://tableaueur.schneider-electric.com/#/site/GSCInternationalAnalyticsCOE/workbooks/29756/extractRefreshes
2024-05-23 17:07:41,524 - INFO - cliked on the actionsmenu-cell
2024-05-23 17:07:42,587 - INFO - cliked on the action-menu-tasks-priority-MenuItem
2024-05-23 17:07:43,618 - INFO - old priority deleted
2024-05-23 17:07:44,654 - INFO - priority changed, waiting for confirming click
2024-05-23 17:07:44,710 - INFO - priority changed, confirming click done
2024-05-23 17:07:46,745 - INFO - row 152 - landed to: https://tableaueur.schneider-electric.com/#/site/HomeandDistributionIndia/datasources/502024/extractRefreshes
2024-05-23 17:07:47,815 - INFO - cliked on the actionsmenu-cell
2024-05-23 17:07:48,893 - INFO - cliked on the action-menu-tasks-priority-MenuItem
2024-05-23 17:07:49,936 - INFO - old priority deleted
2024-05-23 17:07:50,983 - INFO - priority changed, waiting for confirming click
2024-05-23 17:07:51,028 - INFO - priority changed, confirming click done
2024-05-23 17:07:53,044 - INFO - row 153 - landed to: https://tableaueur.schneider-electric.com/#/site/IndustrialAutomationElectronicCenterofExcellenceIACoE/workbooks/25538/extractRefreshes
2024-05-23 17:07:54,122 - INFO - cliked on the actionsmenu-cell
2024-05-23 17:07:55,202 - INFO - cliked on the action-menu-tasks-priority-MenuItem
2024-05-23 17:07:56,244 - INFO - old priority deleted
2024-05-23 17:07:57,296 - INFO - priority changed, waiting for confirming click
2024-05-23 17:07:57,352 - INFO - priority changed, confirming click done
2024-05-23 17:07:59,369 - INFO - row 154 - landed to: https://tableaueur.schneider-electric.com/#/site/IndustrialAutomationElectronicCenterofExcellenceIACoE/workbooks/29141/extractRefreshes
2024-05-23 17:08:00,466 - INFO - cliked on the actionsmenu-cell
2024-05-23 17:08:01,543 - INFO - cliked on the action-menu-tasks-priority-MenuItem
2024-05-23 17:08:02,584 - INFO - old priority deleted
2024-05-23 17:08:03,626 - INFO - priority changed, waiting for confirming click
2024-05-23 17:08:03,691 - INFO - priority changed, confirming click done
2024-05-23 17:08:05,713 - INFO - row 155 - landed to: https://tableaueur.schneider-electric.com/#/site/IndustrialAutomationElectronicCenterofExcellenceIACoE/workbooks/28663/extractRefreshes
2024-05-23 17:08:06,778 - INFO - cliked on the actionsmenu-cell
2024-05-23 17:08:07,853 - INFO - cliked on the action-menu-tasks-priority-MenuItem
2024-05-23 17:08:08,882 - INFO - old priority deleted
2024-05-23 17:08:09,933 - INFO - priority changed, waiting for confirming click
2024-05-23 17:08:09,989 - INFO - priority changed, confirming click done
2024-05-23 17:08:12,010 - INFO - row 156 - landed to: https://tableaueur.schneider-electric.com/#/site/IndustrialAutomationElectronicCenterofExcellenceIACoE/workbooks/27892/extractRefreshes
2024-05-23 17:08:13,122 - INFO - cliked on the actionsmenu-cell
2024-05-23 17:08:14,198 - INFO - cliked on the action-menu-tasks-priority-MenuItem
2024-05-23 17:08:15,240 - INFO - old priority deleted
2024-05-23 17:08:16,288 - INFO - priority changed, waiting for confirming click
2024-05-23 17:08:16,344 - INFO - priority changed, confirming click done
2024-05-23 17:08:18,359 - INFO - row 157 - landed to: https://tableaueur.schneider-electric.com/#/site/IntelMasterData/datasources/466264/extractRefreshes
2024-05-23 17:08:19,429 - INFO - cliked on the actionsmenu-cell
2024-05-23 17:08:20,508 - INFO - cliked on the action-menu-tasks-priority-MenuItem
2024-05-23 17:08:21,551 - INFO - old priority deleted
2024-05-23 17:08:22,599 - INFO - priority changed, waiting for confirming click
2024-05-23 17:08:22,655 - INFO - priority changed, confirming click done
2024-05-23 17:08:24,671 - INFO - row 158 - landed to: https://tableaueur.schneider-electric.com/#/site/IntelMasterData/workbooks/26061/extractRefreshes
2024-05-23 17:08:25,733 - INFO - cliked on the actionsmenu-cell
2024-05-23 17:08:26,803 - INFO - cliked on the action-menu-tasks-priority-MenuItem
2024-05-23 17:08:27,839 - INFO - old priority deleted
2024-05-23 17:08:28,885 - INFO - priority changed, waiting for confirming click
2024-05-23 17:08:28,933 - INFO - priority changed, confirming click done
2024-05-23 17:08:30,954 - INFO - row 159 - landed to: https://tableaueur.schneider-electric.com/#/site/MONTBONNOTFACTORYDC/workbooks/27523/extractRefreshes
2024-05-23 17:08:32,160 - INFO - cliked on the actionsmenu-cell
2024-05-23 17:08:33,235 - INFO - cliked on the action-menu-tasks-priority-MenuItem
2024-05-23 17:08:34,270 - INFO - old priority deleted
2024-05-23 17:08:35,314 - INFO - priority changed, waiting for confirming click
2024-05-23 17:08:35,370 - INFO - priority changed, confirming click done
2024-05-23 17:08:37,385 - INFO - row 160 - landed to: https://tableaueur.schneider-electric.com/#/site/MONTBONNOTFACTORYDC/workbooks/27370/extractRefreshes
2024-05-23 17:08:38,452 - INFO - cliked on the actionsmenu-cell
2024-05-23 17:08:39,527 - INFO - cliked on the action-menu-tasks-priority-MenuItem
2024-05-23 17:08:40,562 - INFO - old priority deleted
2024-05-23 17:08:41,602 - INFO - priority changed, waiting for confirming click
2024-05-23 17:08:41,666 - INFO - priority changed, confirming click done
2024-05-23 17:08:43,681 - INFO - row 161 - landed to: https://tableaueur.schneider-electric.com/#/site/MONTBONNOTFACTORYDC/workbooks/17745/extractRefreshes
2024-05-23 17:08:44,720 - INFO - cliked on the actionsmenu-cell
2024-05-23 17:08:45,777 - INFO - cliked on the action-menu-tasks-priority-MenuItem
2024-05-23 17:08:46,817 - INFO - old priority deleted
2024-05-23 17:08:47,858 - INFO - priority changed, waiting for confirming click
2024-05-23 17:08:47,914 - INFO - priority changed, confirming click done
2024-05-23 17:08:49,933 - INFO - row 162 - landed to: https://tableaueur.schneider-electric.com/#/site/MONTBONNOTFACTORYDC/workbooks/28555/extractRefreshes
2024-05-23 17:08:51,000 - INFO - cliked on the actionsmenu-cell
2024-05-23 17:08:52,119 - INFO - cliked on the action-menu-tasks-priority-MenuItem
2024-05-23 17:08:53,162 - INFO - old priority deleted
2024-05-23 17:08:54,213 - INFO - priority changed, waiting for confirming click
2024-05-23 17:08:54,269 - INFO - priority changed, confirming click done
2024-05-23 17:08:56,284 - INFO - row 163 - landed to: https://tableaueur.schneider-electric.com/#/site/MONTBONNOTFACTORYDC/workbooks/25917/extractRefreshes
2024-05-23 17:08:57,355 - INFO - cliked on the actionsmenu-cell
2024-05-23 17:08:58,424 - INFO - cliked on the action-menu-tasks-priority-MenuItem
2024-05-23 17:08:59,464 - INFO - old priority deleted
2024-05-23 17:09:00,508 - INFO - priority changed, waiting for confirming click
2024-05-23 17:09:00,564 - INFO - priority changed, confirming click done
2024-05-23 17:09:02,575 - INFO - row 164 - landed to: https://tableaueur.schneider-electric.com/#/site/MONTBONNOTFACTORYDC/workbooks/13281/extractRefreshes
2024-05-23 17:09:03,651 - INFO - cliked on the actionsmenu-cell
2024-05-23 17:09:04,718 - INFO - cliked on the action-menu-tasks-priority-MenuItem
2024-05-23 17:09:05,753 - INFO - old priority deleted
2024-05-23 17:09:06,804 - INFO - priority changed, waiting for confirming click
2024-05-23 17:09:06,860 - INFO - priority changed, confirming click done
2024-05-23 17:09:08,881 - INFO - row 165 - landed to: https://tableaueur.schneider-electric.com/#/site/MONTBONNOTFACTORYDC/workbooks/19225/extractRefreshes
2024-05-23 17:09:09,947 - INFO - cliked on the actionsmenu-cell
2024-05-23 17:09:11,013 - INFO - cliked on the action-menu-tasks-priority-MenuItem
2024-05-23 17:09:12,053 - INFO - old priority deleted
2024-05-23 17:09:13,092 - INFO - priority changed, waiting for confirming click
2024-05-23 17:09:13,144 - INFO - priority changed, confirming click done
2024-05-23 17:09:15,169 - INFO - row 166 - landed to: https://tableaueur.schneider-electric.com/#/site/MONTBONNOTFACTORYDC/workbooks/28384/extractRefreshes
2024-05-23 17:09:16,246 - INFO - cliked on the actionsmenu-cell
2024-05-23 17:09:17,320 - INFO - cliked on the action-menu-tasks-priority-MenuItem
2024-05-23 17:09:18,361 - INFO - old priority deleted
2024-05-23 17:09:19,398 - INFO - priority changed, waiting for confirming click
2024-05-23 17:09:19,446 - INFO - priority changed, confirming click done
2024-05-23 17:09:21,468 - INFO - row 167 - landed to: https://tableaueur.schneider-electric.com/#/site/MONTBONNOTFACTORYDC/workbooks/28030/extractRefreshes
2024-05-23 17:09:22,535 - INFO - cliked on the actionsmenu-cell
2024-05-23 17:09:23,616 - INFO - cliked on the action-menu-tasks-priority-MenuItem
2024-05-23 17:09:24,651 - INFO - old priority deleted
2024-05-23 17:09:25,694 - INFO - priority changed, waiting for confirming click
2024-05-23 17:09:25,741 - INFO - priority changed, confirming click done
2024-05-23 17:09:27,757 - INFO - row 168 - landed to: https://tableaueur.schneider-electric.com/#/site/MONTBONNOTFACTORYDC/workbooks/28091/extractRefreshes
2024-05-23 17:09:28,829 - INFO - cliked on the actionsmenu-cell
2024-05-23 17:09:29,904 - INFO - cliked on the action-menu-tasks-priority-MenuItem
2024-05-23 17:09:30,948 - INFO - old priority deleted
2024-05-23 17:09:31,995 - INFO - priority changed, waiting for confirming click
2024-05-23 17:09:32,051 - INFO - priority changed, confirming click done
2024-05-23 17:09:34,064 - INFO - row 169 - landed to: https://tableaueur.schneider-electric.com/#/site/MONTBONNOTFACTORYDC/workbooks/19250/extractRefreshes
2024-05-23 17:09:35,132 - INFO - cliked on the actionsmenu-cell
2024-05-23 17:09:36,200 - INFO - cliked on the action-menu-tasks-priority-MenuItem
2024-05-23 17:09:37,235 - INFO - old priority deleted
2024-05-23 17:09:38,279 - INFO - priority changed, waiting for confirming click
2024-05-23 17:09:38,335 - INFO - priority changed, confirming click done
2024-05-23 17:09:40,353 - INFO - row 170 - landed to: https://tableaueur.schneider-electric.com/#/site/MONTBONNOTFACTORYDC/workbooks/21323/extractRefreshes
2024-05-23 17:09:41,419 - INFO - cliked on the actionsmenu-cell
2024-05-23 17:09:42,490 - INFO - cliked on the action-menu-tasks-priority-MenuItem
2024-05-23 17:09:43,530 - INFO - old priority deleted
2024-05-23 17:09:44,574 - INFO - priority changed, waiting for confirming click
2024-05-23 17:09:44,622 - INFO - priority changed, confirming click done
2024-05-23 17:09:46,645 - INFO - row 171 - landed to: https://tableaueur.schneider-electric.com/#/site/MONTBONNOTFACTORYDC/workbooks/25729/extractRefreshes
2024-05-23 17:09:47,705 - INFO - cliked on the actionsmenu-cell
2024-05-23 17:09:48,780 - INFO - cliked on the action-menu-tasks-priority-MenuItem
2024-05-23 17:09:49,814 - INFO - old priority deleted
2024-05-23 17:09:50,856 - INFO - priority changed, waiting for confirming click
2024-05-23 17:09:50,904 - INFO - priority changed, confirming click done
2024-05-23 17:09:52,925 - INFO - row 172 - landed to: https://tableaueur.schneider-electric.com/#/site/MONTBONNOTFACTORYDC/workbooks/28565/extractRefreshes
2024-05-23 17:09:53,988 - INFO - cliked on the actionsmenu-cell
2024-05-23 17:09:55,070 - INFO - cliked on the action-menu-tasks-priority-MenuItem
2024-05-23 17:09:56,113 - INFO - old priority deleted
2024-05-23 17:09:57,159 - INFO - priority changed, waiting for confirming click
2024-05-23 17:09:57,215 - INFO - priority changed, confirming click done
2024-05-23 17:09:59,235 - INFO - row 173 - landed to: https://tableaueur.schneider-electric.com/#/site/MONTBONNOTFACTORYDC/workbooks/28461/extractRefreshes
2024-05-23 17:10:00,302 - INFO - cliked on the actionsmenu-cell
2024-05-23 17:10:01,375 - INFO - cliked on the action-menu-tasks-priority-MenuItem
2024-05-23 17:10:02,414 - INFO - old priority deleted
2024-05-23 17:10:03,458 - INFO - priority changed, waiting for confirming click
2024-05-23 17:10:03,514 - INFO - priority changed, confirming click done
2024-05-23 17:10:05,538 - INFO - row 174 - landed to: https://tableaueur.schneider-electric.com/#/site/MONTBONNOTFACTORYDC/workbooks/26461/extractRefreshes
2024-05-23 17:10:06,605 - INFO - cliked on the actionsmenu-cell
2024-05-23 17:10:07,720 - INFO - cliked on the action-menu-tasks-priority-MenuItem
2024-05-23 17:10:08,762 - INFO - old priority deleted
2024-05-23 17:10:09,797 - INFO - priority changed, waiting for confirming click
2024-05-23 17:10:09,837 - INFO - priority changed, confirming click done
2024-05-23 17:10:11,879 - INFO - row 175 - landed to: https://tableaueur.schneider-electric.com/#/site/NAMUSServices/workbooks/20035/extractRefreshes
2024-05-23 17:10:12,950 - INFO - cliked on the actionsmenu-cell
2024-05-23 17:10:14,033 - INFO - cliked on the action-menu-tasks-priority-MenuItem
2024-05-23 17:10:15,065 - INFO - old priority deleted
2024-05-23 17:10:16,117 - INFO - priority changed, waiting for confirming click
2024-05-23 17:10:16,173 - INFO - priority changed, confirming click done
2024-05-23 17:10:18,183 - INFO - row 176 - landed to: https://tableaueur.schneider-electric.com/#/site/OneBI/workbooks/29449/extractRefreshes
2024-05-23 17:10:19,258 - INFO - cliked on the actionsmenu-cell
2024-05-23 17:10:20,334 - INFO - cliked on the action-menu-tasks-priority-MenuItem
2024-05-23 17:10:21,373 - INFO - old priority deleted
2024-05-23 17:10:22,420 - INFO - priority changed, waiting for confirming click
2024-05-23 17:10:22,476 - INFO - priority changed, confirming click done
2024-05-23 17:10:24,494 - INFO - row 177 - landed to: https://tableaueur.schneider-electric.com/#/site/PlatformingandCoverage/datasources/485653/extractRefreshes
2024-05-23 17:10:25,561 - INFO - cliked on the actionsmenu-cell
2024-05-23 17:10:26,637 - INFO - cliked on the action-menu-tasks-priority-MenuItem
2024-05-23 17:10:27,666 - INFO - old priority deleted
2024-05-23 17:10:28,710 - INFO - priority changed, waiting for confirming click
2024-05-23 17:10:28,766 - INFO - priority changed, confirming click done
2024-05-23 17:10:30,785 - INFO - row 178 - landed to: https://tableaueur.schneider-electric.com/#/site/PlatformingandCoverage/datasources/429206/extractRefreshes
2024-05-23 17:10:31,851 - INFO - cliked on the actionsmenu-cell
2024-05-23 17:10:32,930 - INFO - cliked on the action-menu-tasks-priority-MenuItem
2024-05-23 17:10:33,969 - INFO - old priority deleted
2024-05-23 17:10:35,012 - INFO - priority changed, waiting for confirming click
2024-05-23 17:10:35,068 - INFO - priority changed, confirming click done
2024-05-23 17:10:37,088 - INFO - row 179 - landed to: https://tableaueur.schneider-electric.com/#/site/SEIntel/workbooks/27676/extractRefreshes
2024-05-23 17:10:38,159 - INFO - cliked on the actionsmenu-cell
2024-05-23 17:10:39,235 - INFO - cliked on the action-menu-tasks-priority-MenuItem
2024-05-23 17:10:40,271 - INFO - old priority deleted
2024-05-23 17:10:41,317 - INFO - priority changed, waiting for confirming click
2024-05-23 17:10:41,373 - INFO - priority changed, confirming click done
2024-05-23 17:10:43,389 - INFO - row 180 - landed to: https://tableaueur.schneider-electric.com/#/site/SecurePowerSupplyChain_QualityAnalytics/workbooks/28040/extractRefreshes
2024-05-23 17:10:44,460 - INFO - cliked on the actionsmenu-cell
2024-05-23 17:10:45,519 - INFO - cliked on the action-menu-tasks-priority-MenuItem
2024-05-23 17:10:46,563 - INFO - old priority deleted
2024-05-23 17:10:47,606 - INFO - priority changed, waiting for confirming click
2024-05-23 17:10:47,664 - INFO - priority changed, confirming click done
2024-05-23 17:10:49,677 - INFO - row 181 - landed to: https://tableaueur.schneider-electric.com/#/site/SecurePowerSupplyChain_QualityAnalytics/workbooks/28044/extractRefreshes
2024-05-23 17:10:50,746 - INFO - cliked on the actionsmenu-cell
2024-05-23 17:10:51,829 - INFO - cliked on the action-menu-tasks-priority-MenuItem
2024-05-23 17:10:52,866 - INFO - old priority deleted
2024-05-23 17:10:53,905 - INFO - priority changed, waiting for confirming click
2024-05-23 17:10:53,961 - INFO - priority changed, confirming click done
2024-05-23 17:10:55,979 - INFO - row 182 - landed to: https://tableaueur.schneider-electric.com/#/site/SecurePowerSupplyChain_QualityAnalytics/workbooks/28046/extractRefreshes
2024-05-23 17:10:57,047 - INFO - cliked on the actionsmenu-cell
2024-05-23 17:10:58,122 - INFO - cliked on the action-menu-tasks-priority-MenuItem
2024-05-23 17:10:59,168 - INFO - old priority deleted
2024-05-23 17:11:00,215 - INFO - priority changed, waiting for confirming click
2024-05-23 17:11:00,271 - INFO - priority changed, confirming click done
2024-05-23 17:11:02,287 - INFO - row 183 - landed to: https://tableaueur.schneider-electric.com/#/site/SecurePowerSupplyChain_QualityAnalytics/workbooks/28045/extractRefreshes
2024-05-23 17:11:03,358 - INFO - cliked on the actionsmenu-cell
2024-05-23 17:11:04,431 - INFO - cliked on the action-menu-tasks-priority-MenuItem
2024-05-23 17:11:05,470 - INFO - old priority deleted
2024-05-23 17:11:06,521 - INFO - priority changed, waiting for confirming click
2024-05-23 17:11:06,577 - INFO - priority changed, confirming click done
2024-05-23 17:11:08,598 - INFO - row 184 - landed to: https://tableaueur.schneider-electric.com/#/site/SecurePowerSupplyChain_QualityAnalytics/workbooks/28038/extractRefreshes
2024-05-23 17:11:09,673 - INFO - cliked on the actionsmenu-cell
2024-05-23 17:11:10,756 - INFO - cliked on the action-menu-tasks-priority-MenuItem
2024-05-23 17:11:11,795 - INFO - old priority deleted
2024-05-23 17:11:12,844 - INFO - priority changed, waiting for confirming click
2024-05-23 17:11:12,890 - INFO - priority changed, confirming click done
2024-05-23 17:11:14,904 - INFO - row 185 - landed to: https://tableaueur.schneider-electric.com/#/site/SecurePowerSupplyChain_QualityAnalytics/workbooks/28048/extractRefreshes
2024-05-23 17:11:15,977 - INFO - cliked on the actionsmenu-cell
2024-05-23 17:11:17,050 - INFO - cliked on the action-menu-tasks-priority-MenuItem
2024-05-23 17:11:18,095 - INFO - old priority deleted
2024-05-23 17:11:19,140 - INFO - priority changed, waiting for confirming click
2024-05-23 17:11:19,196 - INFO - priority changed, confirming click done
2024-05-23 17:11:21,210 - INFO - row 186 - landed to: https://tableaueur.schneider-electric.com/#/site/SecurePowerSupplyChain_QualityAnalytics/workbooks/26289/extractRefreshes
2024-05-23 17:11:22,281 - INFO - cliked on the actionsmenu-cell
2024-05-23 17:11:23,360 - INFO - cliked on the action-menu-tasks-priority-MenuItem
2024-05-23 17:11:24,436 - INFO - old priority deleted
2024-05-23 17:11:25,484 - INFO - priority changed, waiting for confirming click
2024-05-23 17:11:25,540 - INFO - priority changed, confirming click done
2024-05-23 17:11:27,561 - INFO - row 187 - landed to: https://tableaueur.schneider-electric.com/#/site/SecurePowerSupplyChain_QualityAnalytics/workbooks/25886/extractRefreshes
2024-05-23 17:11:28,633 - INFO - cliked on the actionsmenu-cell
2024-05-23 17:11:29,705 - INFO - cliked on the action-menu-tasks-priority-MenuItem
2024-05-23 17:11:30,742 - INFO - old priority deleted
2024-05-23 17:11:31,788 - INFO - priority changed, waiting for confirming click
2024-05-23 17:11:31,844 - INFO - priority changed, confirming click done
2024-05-23 17:11:33,860 - INFO - row 188 - landed to: https://tableaueur.schneider-electric.com/#/site/SecurePowerSupplyChain_QualityAnalytics/workbooks/25763/extractRefreshes
2024-05-23 17:11:34,927 - INFO - cliked on the actionsmenu-cell
2024-05-23 17:11:36,000 - INFO - cliked on the action-menu-tasks-priority-MenuItem
2024-05-23 17:11:37,041 - INFO - old priority deleted
2024-05-23 17:11:38,079 - INFO - priority changed, waiting for confirming click
2024-05-23 17:11:38,135 - INFO - priority changed, confirming click done
2024-05-23 17:11:40,153 - INFO - row 189 - landed to: https://tableaueur.schneider-electric.com/#/site/SecurePowerSupplyChain_QualityAnalytics/workbooks/25862/extractRefreshes
2024-05-23 17:11:41,229 - INFO - cliked on the actionsmenu-cell
2024-05-23 17:11:42,448 - INFO - cliked on the action-menu-tasks-priority-MenuItem
2024-05-23 17:11:43,492 - INFO - old priority deleted
2024-05-23 17:11:44,544 - INFO - priority changed, waiting for confirming click
2024-05-23 17:11:44,584 - INFO - priority changed, confirming click done
2024-05-23 17:11:46,604 - INFO - row 190 - landed to: https://tableaueur.schneider-electric.com/#/site/SEEBI/datasources/413469/extractRefreshes
2024-05-23 17:11:47,687 - INFO - cliked on the actionsmenu-cell
2024-05-23 17:11:48,765 - INFO - cliked on the action-menu-tasks-priority-MenuItem
2024-05-23 17:11:49,803 - INFO - old priority deleted
2024-05-23 17:11:50,839 - INFO - priority changed, waiting for confirming click
2024-05-23 17:11:50,895 - INFO - priority changed, confirming click done
2024-05-23 17:11:52,915 - INFO - row 191 - landed to: https://tableaueur.schneider-electric.com/#/site/SEEBI/datasources/413508/extractRefreshes
2024-05-23 17:11:53,978 - INFO - cliked on the actionsmenu-cell
2024-05-23 17:11:55,045 - INFO - cliked on the action-menu-tasks-priority-MenuItem
2024-05-23 17:11:56,089 - INFO - old priority deleted
2024-05-23 17:11:57,137 - INFO - priority changed, waiting for confirming click
2024-05-23 17:11:57,193 - INFO - priority changed, confirming click done
2024-05-23 17:11:59,604 - INFO - browser closed, script ends
